[25-Apr-2017 20:24:19 Asia/Tokyo] PHP Fatal error:  Class 'App\Http\Controllers\Micropost' not found in /home/ubuntu/workspace/microposts/app/Http/Controllers/MicropostsController.php on line 40
[25-Apr-2017 20:24:19 Asia/Tokyo] PHP Stack trace:
[25-Apr-2017 20:24:19 Asia/Tokyo] PHP   1. {main}() /home/ubuntu/workspace/microposts/server.php:0
[25-Apr-2017 20:24:19 Asia/Tokyo] PHP   2. require_once() /home/ubuntu/workspace/microposts/server.php:21
[25-Apr-2017 20:24:19 Asia/Tokyo] PHP   3. Illuminate\Foundation\Http\Kernel->handle() /home/ubuntu/workspace/microposts/public/index.php:54
[25-Apr-2017 20:24:19 Asia/Tokyo] PHP   4. Illuminate\Foundation\Http\Kernel->sendRequestThroughRouter() /home/ubuntu/workspace/microposts/vendor/laravel/framework/src/Illuminate/Foundation/Http/Kernel.php:87
[25-Apr-2017 20:24:19 Asia/Tokyo] PHP   5. Illuminate\Pipeline\Pipeline->then() /home/ubuntu/workspace/microposts/vendor/laravel/framework/src/Illuminate/Foundation/Http/Kernel.php:122
[25-Apr-2017 20:24:19 Asia/Tokyo] PHP   6. call_user_func:{/home/ubuntu/workspace/microposts/vendor/laravel/framework/src/Illuminate/Pipeline/Pipeline.php:103}() /home/ubuntu/workspace/microposts/vendor/laravel/framework/src/Illuminate/Pipeline/Pipeline.php:103
[25-Apr-2017 20:24:19 Asia/Tokyo] PHP   7. Illuminate\Pipeline\Pipeline->Illuminate\Pipeline\{closure}() /home/ubuntu/workspace/microposts/vendor/laravel/framework/src/Illuminate/Pipeline/Pipeline.php:103
[25-Apr-2017 20:24:19 Asia/Tokyo] PHP   8. call_user_func_array:{/home/ubuntu/workspace/microposts/vendor/laravel/framework/src/Illuminate/Pipeline/Pipeline.php:124}() /home/ubuntu/workspace/microposts/vendor/laravel/framework/src/Illuminate/Pipeline/Pipeline.php:124
[25-Apr-2017 20:24:19 Asia/Tokyo] PHP   9. Illuminate\Foundation\Http\Middleware\CheckForMaintenanceMode->handle() /home/ubuntu/workspace/microposts/vendor/laravel/framework/src/Illuminate/Pipeline/Pipeline.php:124
[25-Apr-2017 20:24:19 Asia/Tokyo] PHP  10. Illuminate\Pipeline\Pipeline->Illuminate\Pipeline\{closure}() /home/ubuntu/workspace/microposts/vendor/laravel/framework/src/Illuminate/Foundation/Http/Middleware/CheckForMaintenanceMode.php:44
[25-Apr-2017 20:24:19 Asia/Tokyo] PHP  11. call_user_func_array:{/home/ubuntu/workspace/microposts/vendor/laravel/framework/src/Illuminate/Pipeline/Pipeline.php:124}() /home/ubuntu/workspace/microposts/vendor/laravel/framework/src/Illuminate/Pipeline/Pipeline.php:124
[25-Apr-2017 20:24:19 Asia/Tokyo] PHP  12. Illuminate\Cookie\Middleware\EncryptCookies->handle() /home/ubuntu/workspace/microposts/vendor/laravel/framework/src/Illuminate/Pipeline/Pipeline.php:124
[25-Apr-2017 20:24:19 Asia/Tokyo] PHP  13. Illuminate\Pipeline\Pipeline->Illuminate\Pipeline\{closure}() /home/ubuntu/workspace/microposts/vendor/laravel/framework/src/Illuminate/Cookie/Middleware/EncryptCookies.php:59
[25-Apr-2017 20:24:19 Asia/Tokyo] PHP  14. call_user_func_array:{/home/ubuntu/workspace/microposts/vendor/laravel/framework/src/Illuminate/Pipeline/Pipeline.php:124}() /home/ubuntu/workspace/microposts/vendor/laravel/framework/src/Illuminate/Pipeline/Pipeline.php:124
[25-Apr-2017 20:24:19 Asia/Tokyo] PHP  15. Illuminate\Cookie\Middleware\AddQueuedCookiesToResponse->handle() /home/ubuntu/workspace/microposts/vendor/laravel/framework/src/Illuminate/Pipeline/Pipeline.php:124
[25-Apr-2017 20:24:19 Asia/Tokyo] PHP  16. Illuminate\Pipeline\Pipeline->Illuminate\Pipeline\{closure}() /home/ubuntu/workspace/microposts/vendor/laravel/framework/src/Illuminate/Cookie/Middleware/AddQueuedCookiesToResponse.php:37
[25-Apr-2017 20:24:19 Asia/Tokyo] PHP  17. call_user_func_array:{/home/ubuntu/workspace/microposts/vendor/laravel/framework/src/Illuminate/Pipeline/Pipeline.php:124}() /home/ubuntu/workspace/microposts/vendor/laravel/framework/src/Illuminate/Pipeline/Pipeline.php:124
[25-Apr-2017 20:24:19 Asia/Tokyo] PHP  18. Illuminate\Session\Middleware\StartSession->handle() /home/ubuntu/workspace/microposts/vendor/laravel/framework/src/Illuminate/Pipeline/Pipeline.php:124
[25-Apr-2017 20:24:19 Asia/Tokyo] PHP  19. Illuminate\Pipeline\Pipeline->Illuminate\Pipeline\{closure}() /home/ubuntu/workspace/microposts/vendor/laravel/framework/src/Illuminate/Session/Middleware/StartSession.php:62
[25-Apr-2017 20:24:19 Asia/Tokyo] PHP  20. call_user_func_array:{/home/ubuntu/workspace/microposts/vendor/laravel/framework/src/Illuminate/Pipeline/Pipeline.php:124}() /home/ubuntu/workspace/microposts/vendor/laravel/framework/src/Illuminate/Pipeline/Pipeline.php:124
[25-Apr-2017 20:24:19 Asia/Tokyo] PHP  21. Illuminate\View\Middleware\ShareErrorsFromSession->handle() /home/ubuntu/workspace/microposts/vendor/laravel/framework/src/Illuminate/Pipeline/Pipeline.php:124
[25-Apr-2017 20:24:19 Asia/Tokyo] PHP  22. Illuminate\Pipeline\Pipeline->Illuminate\Pipeline\{closure}() /home/ubuntu/workspace/microposts/vendor/laravel/framework/src/Illuminate/View/Middleware/ShareErrorsFromSession.php:49
[25-Apr-2017 20:24:19 Asia/Tokyo] PHP  23. call_user_func_array:{/home/ubuntu/workspace/microposts/vendor/laravel/framework/src/Illuminate/Pipeline/Pipeline.php:124}() /home/ubuntu/workspace/microposts/vendor/laravel/framework/src/Illuminate/Pipeline/Pipeline.php:124
[25-Apr-2017 20:24:19 Asia/Tokyo] PHP  24. Illuminate\Foundation\Http\Middleware\VerifyCsrfToken->handle() /home/ubuntu/workspace/microposts/vendor/laravel/framework/src/Illuminate/Pipeline/Pipeline.php:124
[25-Apr-2017 20:24:19 Asia/Tokyo] PHP  25. Illuminate\Pipeline\Pipeline->Illuminate\Pipeline\{closure}() /home/ubuntu/workspace/microposts/vendor/laravel/framework/src/Illuminate/Foundation/Http/Middleware/VerifyCsrfToken.php:50
[25-Apr-2017 20:24:19 Asia/Tokyo] PHP  26. call_user_func:{/home/ubuntu/workspace/microposts/vendor/laravel/framework/src/Illuminate/Pipeline/Pipeline.php:139}() /home/ubuntu/workspace/microposts/vendor/laravel/framework/src/Illuminate/Pipeline/Pipeline.php:139
[25-Apr-2017 20:24:19 Asia/Tokyo] PHP  27. Illuminate\Foundation\Http\Kernel->Illuminate\Foundation\Http\{closure}() /home/ubuntu/workspace/microposts/vendor/laravel/framework/src/Illuminate/Pipeline/Pipeline.php:139
[25-Apr-2017 20:24:19 Asia/Tokyo] PHP  28. Illuminate\Routing\Router->dispatch() /home/ubuntu/workspace/microposts/vendor/laravel/framework/src/Illuminate/Foundation/Http/Kernel.php:236
[25-Apr-2017 20:24:19 Asia/Tokyo] PHP  29. Illuminate\Routing\Router->dispatchToRoute() /home/ubuntu/workspace/microposts/vendor/laravel/framework/src/Illuminate/Routing/Router.php:635
[25-Apr-2017 20:24:19 Asia/Tokyo] PHP  30. Illuminate\Routing\Router->runRouteWithinStack() /home/ubuntu/workspace/microposts/vendor/laravel/framework/src/Illuminate/Routing/Router.php:675
[25-Apr-2017 20:24:19 Asia/Tokyo] PHP  31. Illuminate\Pipeline\Pipeline->then() /home/ubuntu/workspace/microposts/vendor/laravel/framework/src/Illuminate/Routing/Router.php:710
[25-Apr-2017 20:24:19 Asia/Tokyo] PHP  32. call_user_func:{/home/ubuntu/workspace/microposts/vendor/laravel/framework/src/Illuminate/Pipeline/Pipeline.php:103}() /home/ubuntu/workspace/microposts/vendor/laravel/framework/src/Illuminate/Pipeline/Pipeline.php:103
[25-Apr-2017 20:24:19 Asia/Tokyo] PHP  33. Illuminate\Pipeline\Pipeline->Illuminate\Pipeline\{closure}() /home/ubuntu/workspace/microposts/vendor/laravel/framework/src/Illuminate/Pipeline/Pipeline.php:103
[25-Apr-2017 20:24:19 Asia/Tokyo] PHP  34. call_user_func_array:{/home/ubuntu/workspace/microposts/vendor/laravel/framework/src/Illuminate/Pipeline/Pipeline.php:124}() /home/ubuntu/workspace/microposts/vendor/laravel/framework/src/Illuminate/Pipeline/Pipeline.php:124
[25-Apr-2017 20:24:19 Asia/Tokyo] PHP  35. App\Http\Middleware\Authenticate->handle() /home/ubuntu/workspace/microposts/vendor/laravel/framework/src/Illuminate/Pipeline/Pipeline.php:124
[25-Apr-2017 20:24:19 Asia/Tokyo] PHP  36. Illuminate\Pipeline\Pipeline->Illuminate\Pipeline\{closure}() /home/ubuntu/workspace/microposts/app/Http/Middleware/Authenticate.php:45
[25-Apr-2017 20:24:19 Asia/Tokyo] PHP  37. call_user_func:{/home/ubuntu/workspace/microposts/vendor/laravel/framework/src/Illuminate/Pipeline/Pipeline.php:139}() /home/ubuntu/workspace/microposts/vendor/laravel/framework/src/Illuminate/Pipeline/Pipeline.php:139
[25-Apr-2017 20:24:19 Asia/Tokyo] PHP  38. Illuminate\Routing\Router->Illuminate\Routing\{closure}() /home/ubuntu/workspace/microposts/vendor/laravel/framework/src/Illuminate/Pipeline/Pipeline.php:139
[25-Apr-2017 20:24:19 Asia/Tokyo] PHP  39. Illuminate\Routing\Route->run() /home/ubuntu/workspace/microposts/vendor/laravel/framework/src/Illuminate/Routing/Router.php:708
[25-Apr-2017 20:24:19 Asia/Tokyo] PHP  40. Illuminate\Routing\Route->runWithCustomDispatcher() /home/ubuntu/workspace/microposts/vendor/laravel/framework/src/Illuminate/Routing/Route.php:134
[25-Apr-2017 20:24:19 Asia/Tokyo] PHP  41. Illuminate\Routing\ControllerDispatcher->dispatch() /home/ubuntu/workspace/microposts/vendor/laravel/framework/src/Illuminate/Routing/Route.php:203
[25-Apr-2017 20:24:19 Asia/Tokyo] PHP  42. Illuminate\Routing\ControllerDispatcher->callWithinStack() /home/ubuntu/workspace/microposts/vendor/laravel/framework/src/Illuminate/Routing/ControllerDispatcher.php:69
[25-Apr-2017 20:24:19 Asia/Tokyo] PHP  43. Illuminate\Pipeline\Pipeline->then() /home/ubuntu/workspace/microposts/vendor/laravel/framework/src/Illuminate/Routing/ControllerDispatcher.php:114
[25-Apr-2017 20:24:19 Asia/Tokyo] PHP  44. call_user_func:{/home/ubuntu/workspace/microposts/vendor/laravel/framework/src/Illuminate/Pipeline/Pipeline.php:103}() /home/ubuntu/workspace/microposts/vendor/laravel/framework/src/Illuminate/Pipeline/Pipeline.php:103
[25-Apr-2017 20:24:19 Asia/Tokyo] PHP  45. Illuminate\Pipeline\Pipeline->Illuminate\Pipeline\{closure}() /home/ubuntu/workspace/microposts/vendor/laravel/framework/src/Illuminate/Pipeline/Pipeline.php:103
[25-Apr-2017 20:24:19 Asia/Tokyo] PHP  46. call_user_func:{/home/ubuntu/workspace/microposts/vendor/laravel/framework/src/Illuminate/Pipeline/Pipeline.php:139}() /home/ubuntu/workspace/microposts/vendor/laravel/framework/src/Illuminate/Pipeline/Pipeline.php:139
[25-Apr-2017 20:24:19 Asia/Tokyo] PHP  47. Illuminate\Routing\ControllerDispatcher->Illuminate\Routing\{closure}() /home/ubuntu/workspace/microposts/vendor/laravel/framework/src/Illuminate/Pipeline/Pipeline.php:139
[25-Apr-2017 20:24:19 Asia/Tokyo] PHP  48. Illuminate\Routing\ControllerDispatcher->call() /home/ubuntu/workspace/microposts/vendor/laravel/framework/src/Illuminate/Routing/ControllerDispatcher.php:112
[25-Apr-2017 20:24:19 Asia/Tokyo] PHP  49. Illuminate\Routing\Controller->callAction() /home/ubuntu/workspace/microposts/vendor/laravel/framework/src/Illuminate/Routing/ControllerDispatcher.php:164
[25-Apr-2017 20:24:19 Asia/Tokyo] PHP  50. call_user_func_array:{/home/ubuntu/workspace/microposts/vendor/laravel/framework/src/Illuminate/Routing/Controller.php:256}() /home/ubuntu/workspace/microposts/vendor/laravel/framework/src/Illuminate/Routing/Controller.php:256
[25-Apr-2017 20:24:19 Asia/Tokyo] PHP  51. App\Http\Controllers\MicropostsController->destroy() /home/ubuntu/workspace/microposts/vendor/laravel/framework/src/Illuminate/Routing/Controller.php:256
[25-Apr-2017 20:34:45 Asia/Tokyo] PHP Fatal error:  Class 'App\Http\Controllers\Micropost' not found in /home/ubuntu/workspace/microposts/app/Http/Controllers/MicropostsController.php on line 40
[25-Apr-2017 20:34:45 Asia/Tokyo] PHP Stack trace:
[25-Apr-2017 20:34:45 Asia/Tokyo] PHP   1. {main}() /home/ubuntu/workspace/microposts/server.php:0
[25-Apr-2017 20:34:45 Asia/Tokyo] PHP   2. require_once() /home/ubuntu/workspace/microposts/server.php:21
[25-Apr-2017 20:34:45 Asia/Tokyo] PHP   3. Illuminate\Foundation\Http\Kernel->handle() /home/ubuntu/workspace/microposts/public/index.php:54
[25-Apr-2017 20:34:45 Asia/Tokyo] PHP   4. Illuminate\Foundation\Http\Kernel->sendRequestThroughRouter() /home/ubuntu/workspace/microposts/vendor/laravel/framework/src/Illuminate/Foundation/Http/Kernel.php:87
[25-Apr-2017 20:34:45 Asia/Tokyo] PHP   5. Illuminate\Pipeline\Pipeline->then() /home/ubuntu/workspace/microposts/vendor/laravel/framework/src/Illuminate/Foundation/Http/Kernel.php:122
[25-Apr-2017 20:34:45 Asia/Tokyo] PHP   6. call_user_func:{/home/ubuntu/workspace/microposts/vendor/laravel/framework/src/Illuminate/Pipeline/Pipeline.php:103}() /home/ubuntu/workspace/microposts/vendor/laravel/framework/src/Illuminate/Pipeline/Pipeline.php:103
[25-Apr-2017 20:34:45 Asia/Tokyo] PHP   7. Illuminate\Pipeline\Pipeline->Illuminate\Pipeline\{closure}() /home/ubuntu/workspace/microposts/vendor/laravel/framework/src/Illuminate/Pipeline/Pipeline.php:103
[25-Apr-2017 20:34:45 Asia/Tokyo] PHP   8. call_user_func_array:{/home/ubuntu/workspace/microposts/vendor/laravel/framework/src/Illuminate/Pipeline/Pipeline.php:124}() /home/ubuntu/workspace/microposts/vendor/laravel/framework/src/Illuminate/Pipeline/Pipeline.php:124
[25-Apr-2017 20:34:45 Asia/Tokyo] PHP   9. Illuminate\Foundation\Http\Middleware\CheckForMaintenanceMode->handle() /home/ubuntu/workspace/microposts/vendor/laravel/framework/src/Illuminate/Pipeline/Pipeline.php:124
[25-Apr-2017 20:34:45 Asia/Tokyo] PHP  10. Illuminate\Pipeline\Pipeline->Illuminate\Pipeline\{closure}() /home/ubuntu/workspace/microposts/vendor/laravel/framework/src/Illuminate/Foundation/Http/Middleware/CheckForMaintenanceMode.php:44
[25-Apr-2017 20:34:45 Asia/Tokyo] PHP  11. call_user_func_array:{/home/ubuntu/workspace/microposts/vendor/laravel/framework/src/Illuminate/Pipeline/Pipeline.php:124}() /home/ubuntu/workspace/microposts/vendor/laravel/framework/src/Illuminate/Pipeline/Pipeline.php:124
[25-Apr-2017 20:34:45 Asia/Tokyo] PHP  12. Illuminate\Cookie\Middleware\EncryptCookies->handle() /home/ubuntu/workspace/microposts/vendor/laravel/framework/src/Illuminate/Pipeline/Pipeline.php:124
[25-Apr-2017 20:34:45 Asia/Tokyo] PHP  13. Illuminate\Pipeline\Pipeline->Illuminate\Pipeline\{closure}() /home/ubuntu/workspace/microposts/vendor/laravel/framework/src/Illuminate/Cookie/Middleware/EncryptCookies.php:59
[25-Apr-2017 20:34:45 Asia/Tokyo] PHP  14. call_user_func_array:{/home/ubuntu/workspace/microposts/vendor/laravel/framework/src/Illuminate/Pipeline/Pipeline.php:124}() /home/ubuntu/workspace/microposts/vendor/laravel/framework/src/Illuminate/Pipeline/Pipeline.php:124
[25-Apr-2017 20:34:45 Asia/Tokyo] PHP  15. Illuminate\Cookie\Middleware\AddQueuedCookiesToResponse->handle() /home/ubuntu/workspace/microposts/vendor/laravel/framework/src/Illuminate/Pipeline/Pipeline.php:124
[25-Apr-2017 20:34:45 Asia/Tokyo] PHP  16. Illuminate\Pipeline\Pipeline->Illuminate\Pipeline\{closure}() /home/ubuntu/workspace/microposts/vendor/laravel/framework/src/Illuminate/Cookie/Middleware/AddQueuedCookiesToResponse.php:37
[25-Apr-2017 20:34:45 Asia/Tokyo] PHP  17. call_user_func_array:{/home/ubuntu/workspace/microposts/vendor/laravel/framework/src/Illuminate/Pipeline/Pipeline.php:124}() /home/ubuntu/workspace/microposts/vendor/laravel/framework/src/Illuminate/Pipeline/Pipeline.php:124
[25-Apr-2017 20:34:45 Asia/Tokyo] PHP  18. Illuminate\Session\Middleware\StartSession->handle() /home/ubuntu/workspace/microposts/vendor/laravel/framework/src/Illuminate/Pipeline/Pipeline.php:124
[25-Apr-2017 20:34:45 Asia/Tokyo] PHP  19. Illuminate\Pipeline\Pipeline->Illuminate\Pipeline\{closure}() /home/ubuntu/workspace/microposts/vendor/laravel/framework/src/Illuminate/Session/Middleware/StartSession.php:62
[25-Apr-2017 20:34:45 Asia/Tokyo] PHP  20. call_user_func_array:{/home/ubuntu/workspace/microposts/vendor/laravel/framework/src/Illuminate/Pipeline/Pipeline.php:124}() /home/ubuntu/workspace/microposts/vendor/laravel/framework/src/Illuminate/Pipeline/Pipeline.php:124
[25-Apr-2017 20:34:45 Asia/Tokyo] PHP  21. Illuminate\View\Middleware\ShareErrorsFromSession->handle() /home/ubuntu/workspace/microposts/vendor/laravel/framework/src/Illuminate/Pipeline/Pipeline.php:124
[25-Apr-2017 20:34:45 Asia/Tokyo] PHP  22. Illuminate\Pipeline\Pipeline->Illuminate\Pipeline\{closure}() /home/ubuntu/workspace/microposts/vendor/laravel/framework/src/Illuminate/View/Middleware/ShareErrorsFromSession.php:49
[25-Apr-2017 20:34:45 Asia/Tokyo] PHP  23. call_user_func_array:{/home/ubuntu/workspace/microposts/vendor/laravel/framework/src/Illuminate/Pipeline/Pipeline.php:124}() /home/ubuntu/workspace/microposts/vendor/laravel/framework/src/Illuminate/Pipeline/Pipeline.php:124
[25-Apr-2017 20:34:45 Asia/Tokyo] PHP  24. Illuminate\Foundation\Http\Middleware\VerifyCsrfToken->handle() /home/ubuntu/workspace/microposts/vendor/laravel/framework/src/Illuminate/Pipeline/Pipeline.php:124
[25-Apr-2017 20:34:45 Asia/Tokyo] PHP  25. Illuminate\Pipeline\Pipeline->Illuminate\Pipeline\{closure}() /home/ubuntu/workspace/microposts/vendor/laravel/framework/src/Illuminate/Foundation/Http/Middleware/VerifyCsrfToken.php:50
[25-Apr-2017 20:34:45 Asia/Tokyo] PHP  26. call_user_func:{/home/ubuntu/workspace/microposts/vendor/laravel/framework/src/Illuminate/Pipeline/Pipeline.php:139}() /home/ubuntu/workspace/microposts/vendor/laravel/framework/src/Illuminate/Pipeline/Pipeline.php:139
[25-Apr-2017 20:34:45 Asia/Tokyo] PHP  27. Illuminate\Foundation\Http\Kernel->Illuminate\Foundation\Http\{closure}() /home/ubuntu/workspace/microposts/vendor/laravel/framework/src/Illuminate/Pipeline/Pipeline.php:139
[25-Apr-2017 20:34:45 Asia/Tokyo] PHP  28. Illuminate\Routing\Router->dispatch() /home/ubuntu/workspace/microposts/vendor/laravel/framework/src/Illuminate/Foundation/Http/Kernel.php:236
[25-Apr-2017 20:34:45 Asia/Tokyo] PHP  29. Illuminate\Routing\Router->dispatchToRoute() /home/ubuntu/workspace/microposts/vendor/laravel/framework/src/Illuminate/Routing/Router.php:635
[25-Apr-2017 20:34:45 Asia/Tokyo] PHP  30. Illuminate\Routing\Router->runRouteWithinStack() /home/ubuntu/workspace/microposts/vendor/laravel/framework/src/Illuminate/Routing/Router.php:675
[25-Apr-2017 20:34:45 Asia/Tokyo] PHP  31. Illuminate\Pipeline\Pipeline->then() /home/ubuntu/workspace/microposts/vendor/laravel/framework/src/Illuminate/Routing/Router.php:710
[25-Apr-2017 20:34:45 Asia/Tokyo] PHP  32. call_user_func:{/home/ubuntu/workspace/microposts/vendor/laravel/framework/src/Illuminate/Pipeline/Pipeline.php:103}() /home/ubuntu/workspace/microposts/vendor/laravel/framework/src/Illuminate/Pipeline/Pipeline.php:103
[25-Apr-2017 20:34:45 Asia/Tokyo] PHP  33. Illuminate\Pipeline\Pipeline->Illuminate\Pipeline\{closure}() /home/ubuntu/workspace/microposts/vendor/laravel/framework/src/Illuminate/Pipeline/Pipeline.php:103
[25-Apr-2017 20:34:45 Asia/Tokyo] PHP  34. call_user_func_array:{/home/ubuntu/workspace/microposts/vendor/laravel/framework/src/Illuminate/Pipeline/Pipeline.php:124}() /home/ubuntu/workspace/microposts/vendor/laravel/framework/src/Illuminate/Pipeline/Pipeline.php:124
[25-Apr-2017 20:34:45 Asia/Tokyo] PHP  35. App\Http\Middleware\Authenticate->handle() /home/ubuntu/workspace/microposts/vendor/laravel/framework/src/Illuminate/Pipeline/Pipeline.php:124
[25-Apr-2017 20:34:45 Asia/Tokyo] PHP  36. Illuminate\Pipeline\Pipeline->Illuminate\Pipeline\{closure}() /home/ubuntu/workspace/microposts/app/Http/Middleware/Authenticate.php:45
[25-Apr-2017 20:34:45 Asia/Tokyo] PHP  37. call_user_func:{/home/ubuntu/workspace/microposts/vendor/laravel/framework/src/Illuminate/Pipeline/Pipeline.php:139}() /home/ubuntu/workspace/microposts/vendor/laravel/framework/src/Illuminate/Pipeline/Pipeline.php:139
[25-Apr-2017 20:34:45 Asia/Tokyo] PHP  38. Illuminate\Routing\Router->Illuminate\Routing\{closure}() /home/ubuntu/workspace/microposts/vendor/laravel/framework/src/Illuminate/Pipeline/Pipeline.php:139
[25-Apr-2017 20:34:45 Asia/Tokyo] PHP  39. Illuminate\Routing\Route->run() /home/ubuntu/workspace/microposts/vendor/laravel/framework/src/Illuminate/Routing/Router.php:708
[25-Apr-2017 20:34:45 Asia/Tokyo] PHP  40. Illuminate\Routing\Route->runWithCustomDispatcher() /home/ubuntu/workspace/microposts/vendor/laravel/framework/src/Illuminate/Routing/Route.php:134
[25-Apr-2017 20:34:45 Asia/Tokyo] PHP  41. Illuminate\Routing\ControllerDispatcher->dispatch() /home/ubuntu/workspace/microposts/vendor/laravel/framework/src/Illuminate/Routing/Route.php:203
[25-Apr-2017 20:34:45 Asia/Tokyo] PHP  42. Illuminate\Routing\ControllerDispatcher->callWithinStack() /home/ubuntu/workspace/microposts/vendor/laravel/framework/src/Illuminate/Routing/ControllerDispatcher.php:69
[25-Apr-2017 20:34:45 Asia/Tokyo] PHP  43. Illuminate\Pipeline\Pipeline->then() /home/ubuntu/workspace/microposts/vendor/laravel/framework/src/Illuminate/Routing/ControllerDispatcher.php:114
[25-Apr-2017 20:34:45 Asia/Tokyo] PHP  44. call_user_func:{/home/ubuntu/workspace/microposts/vendor/laravel/framework/src/Illuminate/Pipeline/Pipeline.php:103}() /home/ubuntu/workspace/microposts/vendor/laravel/framework/src/Illuminate/Pipeline/Pipeline.php:103
[25-Apr-2017 20:34:45 Asia/Tokyo] PHP  45. Illuminate\Pipeline\Pipeline->Illuminate\Pipeline\{closure}() /home/ubuntu/workspace/microposts/vendor/laravel/framework/src/Illuminate/Pipeline/Pipeline.php:103
[25-Apr-2017 20:34:45 Asia/Tokyo] PHP  46. call_user_func:{/home/ubuntu/workspace/microposts/vendor/laravel/framework/src/Illuminate/Pipeline/Pipeline.php:139}() /home/ubuntu/workspace/microposts/vendor/laravel/framework/src/Illuminate/Pipeline/Pipeline.php:139
[25-Apr-2017 20:34:45 Asia/Tokyo] PHP  47. Illuminate\Routing\ControllerDispatcher->Illuminate\Routing\{closure}() /home/ubuntu/workspace/microposts/vendor/laravel/framework/src/Illuminate/Pipeline/Pipeline.php:139
[25-Apr-2017 20:34:45 Asia/Tokyo] PHP  48. Illuminate\Routing\ControllerDispatcher->call() /home/ubuntu/workspace/microposts/vendor/laravel/framework/src/Illuminate/Routing/ControllerDispatcher.php:112
[25-Apr-2017 20:34:45 Asia/Tokyo] PHP  49. Illuminate\Routing\Controller->callAction() /home/ubuntu/workspace/microposts/vendor/laravel/framework/src/Illuminate/Routing/ControllerDispatcher.php:164
[25-Apr-2017 20:34:45 Asia/Tokyo] PHP  50. call_user_func_array:{/home/ubuntu/workspace/microposts/vendor/laravel/framework/src/Illuminate/Routing/Controller.php:256}() /home/ubuntu/workspace/microposts/vendor/laravel/framework/src/Illuminate/Routing/Controller.php:256
[25-Apr-2017 20:34:45 Asia/Tokyo] PHP  51. App\Http\Controllers\MicropostsController->destroy() /home/ubuntu/workspace/microposts/vendor/laravel/framework/src/Illuminate/Routing/Controller.php:256
[25-Apr-2017 20:42:42 Asia/Tokyo] PHP Fatal error:  Class 'App\Http\Controllers\Micropost' not found in /home/ubuntu/workspace/microposts/app/Http/Controllers/MicropostsController.php on line 40
[25-Apr-2017 20:42:42 Asia/Tokyo] PHP Stack trace:
[25-Apr-2017 20:42:42 Asia/Tokyo] PHP   1. {main}() /home/ubuntu/workspace/microposts/server.php:0
[25-Apr-2017 20:42:42 Asia/Tokyo] PHP   2. require_once() /home/ubuntu/workspace/microposts/server.php:21
[25-Apr-2017 20:42:42 Asia/Tokyo] PHP   3. Illuminate\Foundation\Http\Kernel->handle() /home/ubuntu/workspace/microposts/public/index.php:54
[25-Apr-2017 20:42:42 Asia/Tokyo] PHP   4. Illuminate\Foundation\Http\Kernel->sendRequestThroughRouter() /home/ubuntu/workspace/microposts/vendor/laravel/framework/src/Illuminate/Foundation/Http/Kernel.php:87
[25-Apr-2017 20:42:42 Asia/Tokyo] PHP   5. Illuminate\Pipeline\Pipeline->then() /home/ubuntu/workspace/microposts/vendor/laravel/framework/src/Illuminate/Foundation/Http/Kernel.php:122
[25-Apr-2017 20:42:42 Asia/Tokyo] PHP   6. call_user_func:{/home/ubuntu/workspace/microposts/vendor/laravel/framework/src/Illuminate/Pipeline/Pipeline.php:103}() /home/ubuntu/workspace/microposts/vendor/laravel/framework/src/Illuminate/Pipeline/Pipeline.php:103
[25-Apr-2017 20:42:42 Asia/Tokyo] PHP   7. Illuminate\Pipeline\Pipeline->Illuminate\Pipeline\{closure}() /home/ubuntu/workspace/microposts/vendor/laravel/framework/src/Illuminate/Pipeline/Pipeline.php:103
[25-Apr-2017 20:42:42 Asia/Tokyo] PHP   8. call_user_func_array:{/home/ubuntu/workspace/microposts/vendor/laravel/framework/src/Illuminate/Pipeline/Pipeline.php:124}() /home/ubuntu/workspace/microposts/vendor/laravel/framework/src/Illuminate/Pipeline/Pipeline.php:124
[25-Apr-2017 20:42:42 Asia/Tokyo] PHP   9. Illuminate\Foundation\Http\Middleware\CheckForMaintenanceMode->handle() /home/ubuntu/workspace/microposts/vendor/laravel/framework/src/Illuminate/Pipeline/Pipeline.php:124
[25-Apr-2017 20:42:42 Asia/Tokyo] PHP  10. Illuminate\Pipeline\Pipeline->Illuminate\Pipeline\{closure}() /home/ubuntu/workspace/microposts/vendor/laravel/framework/src/Illuminate/Foundation/Http/Middleware/CheckForMaintenanceMode.php:44
[25-Apr-2017 20:42:42 Asia/Tokyo] PHP  11. call_user_func_array:{/home/ubuntu/workspace/microposts/vendor/laravel/framework/src/Illuminate/Pipeline/Pipeline.php:124}() /home/ubuntu/workspace/microposts/vendor/laravel/framework/src/Illuminate/Pipeline/Pipeline.php:124
[25-Apr-2017 20:42:42 Asia/Tokyo] PHP  12. Illuminate\Cookie\Middleware\EncryptCookies->handle() /home/ubuntu/workspace/microposts/vendor/laravel/framework/src/Illuminate/Pipeline/Pipeline.php:124
[25-Apr-2017 20:42:42 Asia/Tokyo] PHP  13. Illuminate\Pipeline\Pipeline->Illuminate\Pipeline\{closure}() /home/ubuntu/workspace/microposts/vendor/laravel/framework/src/Illuminate/Cookie/Middleware/EncryptCookies.php:59
[25-Apr-2017 20:42:42 Asia/Tokyo] PHP  14. call_user_func_array:{/home/ubuntu/workspace/microposts/vendor/laravel/framework/src/Illuminate/Pipeline/Pipeline.php:124}() /home/ubuntu/workspace/microposts/vendor/laravel/framework/src/Illuminate/Pipeline/Pipeline.php:124
[25-Apr-2017 20:42:42 Asia/Tokyo] PHP  15. Illuminate\Cookie\Middleware\AddQueuedCookiesToResponse->handle() /home/ubuntu/workspace/microposts/vendor/laravel/framework/src/Illuminate/Pipeline/Pipeline.php:124
[25-Apr-2017 20:42:42 Asia/Tokyo] PHP  16. Illuminate\Pipeline\Pipeline->Illuminate\Pipeline\{closure}() /home/ubuntu/workspace/microposts/vendor/laravel/framework/src/Illuminate/Cookie/Middleware/AddQueuedCookiesToResponse.php:37
[25-Apr-2017 20:42:42 Asia/Tokyo] PHP  17. call_user_func_array:{/home/ubuntu/workspace/microposts/vendor/laravel/framework/src/Illuminate/Pipeline/Pipeline.php:124}() /home/ubuntu/workspace/microposts/vendor/laravel/framework/src/Illuminate/Pipeline/Pipeline.php:124
[25-Apr-2017 20:42:42 Asia/Tokyo] PHP  18. Illuminate\Session\Middleware\StartSession->handle() /home/ubuntu/workspace/microposts/vendor/laravel/framework/src/Illuminate/Pipeline/Pipeline.php:124
[25-Apr-2017 20:42:42 Asia/Tokyo] PHP  19. Illuminate\Pipeline\Pipeline->Illuminate\Pipeline\{closure}() /home/ubuntu/workspace/microposts/vendor/laravel/framework/src/Illuminate/Session/Middleware/StartSession.php:62
[25-Apr-2017 20:42:42 Asia/Tokyo] PHP  20. call_user_func_array:{/home/ubuntu/workspace/microposts/vendor/laravel/framework/src/Illuminate/Pipeline/Pipeline.php:124}() /home/ubuntu/workspace/microposts/vendor/laravel/framework/src/Illuminate/Pipeline/Pipeline.php:124
[25-Apr-2017 20:42:42 Asia/Tokyo] PHP  21. Illuminate\View\Middleware\ShareErrorsFromSession->handle() /home/ubuntu/workspace/microposts/vendor/laravel/framework/src/Illuminate/Pipeline/Pipeline.php:124
[25-Apr-2017 20:42:42 Asia/Tokyo] PHP  22. Illuminate\Pipeline\Pipeline->Illuminate\Pipeline\{closure}() /home/ubuntu/workspace/microposts/vendor/laravel/framework/src/Illuminate/View/Middleware/ShareErrorsFromSession.php:49
[25-Apr-2017 20:42:42 Asia/Tokyo] PHP  23. call_user_func_array:{/home/ubuntu/workspace/microposts/vendor/laravel/framework/src/Illuminate/Pipeline/Pipeline.php:124}() /home/ubuntu/workspace/microposts/vendor/laravel/framework/src/Illuminate/Pipeline/Pipeline.php:124
[25-Apr-2017 20:42:42 Asia/Tokyo] PHP  24. Illuminate\Foundation\Http\Middleware\VerifyCsrfToken->handle() /home/ubuntu/workspace/microposts/vendor/laravel/framework/src/Illuminate/Pipeline/Pipeline.php:124
[25-Apr-2017 20:42:42 Asia/Tokyo] PHP  25. Illuminate\Pipeline\Pipeline->Illuminate\Pipeline\{closure}() /home/ubuntu/workspace/microposts/vendor/laravel/framework/src/Illuminate/Foundation/Http/Middleware/VerifyCsrfToken.php:50
[25-Apr-2017 20:42:42 Asia/Tokyo] PHP  26. call_user_func:{/home/ubuntu/workspace/microposts/vendor/laravel/framework/src/Illuminate/Pipeline/Pipeline.php:139}() /home/ubuntu/workspace/microposts/vendor/laravel/framework/src/Illuminate/Pipeline/Pipeline.php:139
[25-Apr-2017 20:42:42 Asia/Tokyo] PHP  27. Illuminate\Foundation\Http\Kernel->Illuminate\Foundation\Http\{closure}() /home/ubuntu/workspace/microposts/vendor/laravel/framework/src/Illuminate/Pipeline/Pipeline.php:139
[25-Apr-2017 20:42:42 Asia/Tokyo] PHP  28. Illuminate\Routing\Router->dispatch() /home/ubuntu/workspace/microposts/vendor/laravel/framework/src/Illuminate/Foundation/Http/Kernel.php:236
[25-Apr-2017 20:42:42 Asia/Tokyo] PHP  29. Illuminate\Routing\Router->dispatchToRoute() /home/ubuntu/workspace/microposts/vendor/laravel/framework/src/Illuminate/Routing/Router.php:635
[25-Apr-2017 20:42:42 Asia/Tokyo] PHP  30. Illuminate\Routing\Router->runRouteWithinStack() /home/ubuntu/workspace/microposts/vendor/laravel/framework/src/Illuminate/Routing/Router.php:675
[25-Apr-2017 20:42:42 Asia/Tokyo] PHP  31. Illuminate\Pipeline\Pipeline->then() /home/ubuntu/workspace/microposts/vendor/laravel/framework/src/Illuminate/Routing/Router.php:710
[25-Apr-2017 20:42:42 Asia/Tokyo] PHP  32. call_user_func:{/home/ubuntu/workspace/microposts/vendor/laravel/framework/src/Illuminate/Pipeline/Pipeline.php:103}() /home/ubuntu/workspace/microposts/vendor/laravel/framework/src/Illuminate/Pipeline/Pipeline.php:103
[25-Apr-2017 20:42:42 Asia/Tokyo] PHP  33. Illuminate\Pipeline\Pipeline->Illuminate\Pipeline\{closure}() /home/ubuntu/workspace/microposts/vendor/laravel/framework/src/Illuminate/Pipeline/Pipeline.php:103
[25-Apr-2017 20:42:42 Asia/Tokyo] PHP  34. call_user_func_array:{/home/ubuntu/workspace/microposts/vendor/laravel/framework/src/Illuminate/Pipeline/Pipeline.php:124}() /home/ubuntu/workspace/microposts/vendor/laravel/framework/src/Illuminate/Pipeline/Pipeline.php:124
[25-Apr-2017 20:42:42 Asia/Tokyo] PHP  35. App\Http\Middleware\Authenticate->handle() /home/ubuntu/workspace/microposts/vendor/laravel/framework/src/Illuminate/Pipeline/Pipeline.php:124
[25-Apr-2017 20:42:42 Asia/Tokyo] PHP  36. Illuminate\Pipeline\Pipeline->Illuminate\Pipeline\{closure}() /home/ubuntu/workspace/microposts/app/Http/Middleware/Authenticate.php:45
[25-Apr-2017 20:42:42 Asia/Tokyo] PHP  37. call_user_func:{/home/ubuntu/workspace/microposts/vendor/laravel/framework/src/Illuminate/Pipeline/Pipeline.php:139}() /home/ubuntu/workspace/microposts/vendor/laravel/framework/src/Illuminate/Pipeline/Pipeline.php:139
[25-Apr-2017 20:42:42 Asia/Tokyo] PHP  38. Illuminate\Routing\Router->Illuminate\Routing\{closure}() /home/ubuntu/workspace/microposts/vendor/laravel/framework/src/Illuminate/Pipeline/Pipeline.php:139
[25-Apr-2017 20:42:42 Asia/Tokyo] PHP  39. Illuminate\Routing\Route->run() /home/ubuntu/workspace/microposts/vendor/laravel/framework/src/Illuminate/Routing/Router.php:708
[25-Apr-2017 20:42:42 Asia/Tokyo] PHP  40. Illuminate\Routing\Route->runWithCustomDispatcher() /home/ubuntu/workspace/microposts/vendor/laravel/framework/src/Illuminate/Routing/Route.php:134
[25-Apr-2017 20:42:42 Asia/Tokyo] PHP  41. Illuminate\Routing\ControllerDispatcher->dispatch() /home/ubuntu/workspace/microposts/vendor/laravel/framework/src/Illuminate/Routing/Route.php:203
[25-Apr-2017 20:42:42 Asia/Tokyo] PHP  42. Illuminate\Routing\ControllerDispatcher->callWithinStack() /home/ubuntu/workspace/microposts/vendor/laravel/framework/src/Illuminate/Routing/ControllerDispatcher.php:69
[25-Apr-2017 20:42:42 Asia/Tokyo] PHP  43. Illuminate\Pipeline\Pipeline->then() /home/ubuntu/workspace/microposts/vendor/laravel/framework/src/Illuminate/Routing/ControllerDispatcher.php:114
[25-Apr-2017 20:42:42 Asia/Tokyo] PHP  44. call_user_func:{/home/ubuntu/workspace/microposts/vendor/laravel/framework/src/Illuminate/Pipeline/Pipeline.php:103}() /home/ubuntu/workspace/microposts/vendor/laravel/framework/src/Illuminate/Pipeline/Pipeline.php:103
[25-Apr-2017 20:42:42 Asia/Tokyo] PHP  45. Illuminate\Pipeline\Pipeline->Illuminate\Pipeline\{closure}() /home/ubuntu/workspace/microposts/vendor/laravel/framework/src/Illuminate/Pipeline/Pipeline.php:103
[25-Apr-2017 20:42:42 Asia/Tokyo] PHP  46. call_user_func:{/home/ubuntu/workspace/microposts/vendor/laravel/framework/src/Illuminate/Pipeline/Pipeline.php:139}() /home/ubuntu/workspace/microposts/vendor/laravel/framework/src/Illuminate/Pipeline/Pipeline.php:139
[25-Apr-2017 20:42:42 Asia/Tokyo] PHP  47. Illuminate\Routing\ControllerDispatcher->Illuminate\Routing\{closure}() /home/ubuntu/workspace/microposts/vendor/laravel/framework/src/Illuminate/Pipeline/Pipeline.php:139
[25-Apr-2017 20:42:42 Asia/Tokyo] PHP  48. Illuminate\Routing\ControllerDispatcher->call() /home/ubuntu/workspace/microposts/vendor/laravel/framework/src/Illuminate/Routing/ControllerDispatcher.php:112
[25-Apr-2017 20:42:42 Asia/Tokyo] PHP  49. Illuminate\Routing\Controller->callAction() /home/ubuntu/workspace/microposts/vendor/laravel/framework/src/Illuminate/Routing/ControllerDispatcher.php:164
[25-Apr-2017 20:42:42 Asia/Tokyo] PHP  50. call_user_func_array:{/home/ubuntu/workspace/microposts/vendor/laravel/framework/src/Illuminate/Routing/Controller.php:256}() /home/ubuntu/workspace/microposts/vendor/laravel/framework/src/Illuminate/Routing/Controller.php:256
[25-Apr-2017 20:42:42 Asia/Tokyo] PHP  51. App\Http\Controllers\MicropostsController->destroy() /home/ubuntu/workspace/microposts/vendor/laravel/framework/src/Illuminate/Routing/Controller.php:256
[25-Apr-2017 20:44:40 Asia/Tokyo] PHP Fatal error:  Class 'App\Http\Controllers\Micropost' not found in /home/ubuntu/workspace/microposts/app/Http/Controllers/MicropostsController.php on line 39
[25-Apr-2017 20:44:40 Asia/Tokyo] PHP Stack trace:
[25-Apr-2017 20:44:40 Asia/Tokyo] PHP   1. {main}() /home/ubuntu/workspace/microposts/server.php:0
[25-Apr-2017 20:44:40 Asia/Tokyo] PHP   2. require_once() /home/ubuntu/workspace/microposts/server.php:21
[25-Apr-2017 20:44:40 Asia/Tokyo] PHP   3. Illuminate\Foundation\Http\Kernel->handle() /home/ubuntu/workspace/microposts/public/index.php:54
[25-Apr-2017 20:44:40 Asia/Tokyo] PHP   4. Illuminate\Foundation\Http\Kernel->sendRequestThroughRouter() /home/ubuntu/workspace/microposts/vendor/laravel/framework/src/Illuminate/Foundation/Http/Kernel.php:87
[25-Apr-2017 20:44:40 Asia/Tokyo] PHP   5. Illuminate\Pipeline\Pipeline->then() /home/ubuntu/workspace/microposts/vendor/laravel/framework/src/Illuminate/Foundation/Http/Kernel.php:122
[25-Apr-2017 20:44:40 Asia/Tokyo] PHP   6. call_user_func:{/home/ubuntu/workspace/microposts/vendor/laravel/framework/src/Illuminate/Pipeline/Pipeline.php:103}() /home/ubuntu/workspace/microposts/vendor/laravel/framework/src/Illuminate/Pipeline/Pipeline.php:103
[25-Apr-2017 20:44:40 Asia/Tokyo] PHP   7. Illuminate\Pipeline\Pipeline->Illuminate\Pipeline\{closure}() /home/ubuntu/workspace/microposts/vendor/laravel/framework/src/Illuminate/Pipeline/Pipeline.php:103
[25-Apr-2017 20:44:40 Asia/Tokyo] PHP   8. call_user_func_array:{/home/ubuntu/workspace/microposts/vendor/laravel/framework/src/Illuminate/Pipeline/Pipeline.php:124}() /home/ubuntu/workspace/microposts/vendor/laravel/framework/src/Illuminate/Pipeline/Pipeline.php:124
[25-Apr-2017 20:44:40 Asia/Tokyo] PHP   9. Illuminate\Foundation\Http\Middleware\CheckForMaintenanceMode->handle() /home/ubuntu/workspace/microposts/vendor/laravel/framework/src/Illuminate/Pipeline/Pipeline.php:124
[25-Apr-2017 20:44:40 Asia/Tokyo] PHP  10. Illuminate\Pipeline\Pipeline->Illuminate\Pipeline\{closure}() /home/ubuntu/workspace/microposts/vendor/laravel/framework/src/Illuminate/Foundation/Http/Middleware/CheckForMaintenanceMode.php:44
[25-Apr-2017 20:44:40 Asia/Tokyo] PHP  11. call_user_func_array:{/home/ubuntu/workspace/microposts/vendor/laravel/framework/src/Illuminate/Pipeline/Pipeline.php:124}() /home/ubuntu/workspace/microposts/vendor/laravel/framework/src/Illuminate/Pipeline/Pipeline.php:124
[25-Apr-2017 20:44:40 Asia/Tokyo] PHP  12. Illuminate\Cookie\Middleware\EncryptCookies->handle() /home/ubuntu/workspace/microposts/vendor/laravel/framework/src/Illuminate/Pipeline/Pipeline.php:124
[25-Apr-2017 20:44:40 Asia/Tokyo] PHP  13. Illuminate\Pipeline\Pipeline->Illuminate\Pipeline\{closure}() /home/ubuntu/workspace/microposts/vendor/laravel/framework/src/Illuminate/Cookie/Middleware/EncryptCookies.php:59
[25-Apr-2017 20:44:40 Asia/Tokyo] PHP  14. call_user_func_array:{/home/ubuntu/workspace/microposts/vendor/laravel/framework/src/Illuminate/Pipeline/Pipeline.php:124}() /home/ubuntu/workspace/microposts/vendor/laravel/framework/src/Illuminate/Pipeline/Pipeline.php:124
[25-Apr-2017 20:44:40 Asia/Tokyo] PHP  15. Illuminate\Cookie\Middleware\AddQueuedCookiesToResponse->handle() /home/ubuntu/workspace/microposts/vendor/laravel/framework/src/Illuminate/Pipeline/Pipeline.php:124
[25-Apr-2017 20:44:40 Asia/Tokyo] PHP  16. Illuminate\Pipeline\Pipeline->Illuminate\Pipeline\{closure}() /home/ubuntu/workspace/microposts/vendor/laravel/framework/src/Illuminate/Cookie/Middleware/AddQueuedCookiesToResponse.php:37
[25-Apr-2017 20:44:40 Asia/Tokyo] PHP  17. call_user_func_array:{/home/ubuntu/workspace/microposts/vendor/laravel/framework/src/Illuminate/Pipeline/Pipeline.php:124}() /home/ubuntu/workspace/microposts/vendor/laravel/framework/src/Illuminate/Pipeline/Pipeline.php:124
[25-Apr-2017 20:44:40 Asia/Tokyo] PHP  18. Illuminate\Session\Middleware\StartSession->handle() /home/ubuntu/workspace/microposts/vendor/laravel/framework/src/Illuminate/Pipeline/Pipeline.php:124
[25-Apr-2017 20:44:40 Asia/Tokyo] PHP  19. Illuminate\Pipeline\Pipeline->Illuminate\Pipeline\{closure}() /home/ubuntu/workspace/microposts/vendor/laravel/framework/src/Illuminate/Session/Middleware/StartSession.php:62
[25-Apr-2017 20:44:40 Asia/Tokyo] PHP  20. call_user_func_array:{/home/ubuntu/workspace/microposts/vendor/laravel/framework/src/Illuminate/Pipeline/Pipeline.php:124}() /home/ubuntu/workspace/microposts/vendor/laravel/framework/src/Illuminate/Pipeline/Pipeline.php:124
[25-Apr-2017 20:44:40 Asia/Tokyo] PHP  21. Illuminate\View\Middleware\ShareErrorsFromSession->handle() /home/ubuntu/workspace/microposts/vendor/laravel/framework/src/Illuminate/Pipeline/Pipeline.php:124
[25-Apr-2017 20:44:40 Asia/Tokyo] PHP  22. Illuminate\Pipeline\Pipeline->Illuminate\Pipeline\{closure}() /home/ubuntu/workspace/microposts/vendor/laravel/framework/src/Illuminate/View/Middleware/ShareErrorsFromSession.php:49
[25-Apr-2017 20:44:40 Asia/Tokyo] PHP  23. call_user_func_array:{/home/ubuntu/workspace/microposts/vendor/laravel/framework/src/Illuminate/Pipeline/Pipeline.php:124}() /home/ubuntu/workspace/microposts/vendor/laravel/framework/src/Illuminate/Pipeline/Pipeline.php:124
[25-Apr-2017 20:44:40 Asia/Tokyo] PHP  24. Illuminate\Foundation\Http\Middleware\VerifyCsrfToken->handle() /home/ubuntu/workspace/microposts/vendor/laravel/framework/src/Illuminate/Pipeline/Pipeline.php:124
[25-Apr-2017 20:44:40 Asia/Tokyo] PHP  25. Illuminate\Pipeline\Pipeline->Illuminate\Pipeline\{closure}() /home/ubuntu/workspace/microposts/vendor/laravel/framework/src/Illuminate/Foundation/Http/Middleware/VerifyCsrfToken.php:50
[25-Apr-2017 20:44:40 Asia/Tokyo] PHP  26. call_user_func:{/home/ubuntu/workspace/microposts/vendor/laravel/framework/src/Illuminate/Pipeline/Pipeline.php:139}() /home/ubuntu/workspace/microposts/vendor/laravel/framework/src/Illuminate/Pipeline/Pipeline.php:139
[25-Apr-2017 20:44:40 Asia/Tokyo] PHP  27. Illuminate\Foundation\Http\Kernel->Illuminate\Foundation\Http\{closure}() /home/ubuntu/workspace/microposts/vendor/laravel/framework/src/Illuminate/Pipeline/Pipeline.php:139
[25-Apr-2017 20:44:40 Asia/Tokyo] PHP  28. Illuminate\Routing\Router->dispatch() /home/ubuntu/workspace/microposts/vendor/laravel/framework/src/Illuminate/Foundation/Http/Kernel.php:236
[25-Apr-2017 20:44:40 Asia/Tokyo] PHP  29. Illuminate\Routing\Router->dispatchToRoute() /home/ubuntu/workspace/microposts/vendor/laravel/framework/src/Illuminate/Routing/Router.php:635
[25-Apr-2017 20:44:40 Asia/Tokyo] PHP  30. Illuminate\Routing\Router->runRouteWithinStack() /home/ubuntu/workspace/microposts/vendor/laravel/framework/src/Illuminate/Routing/Router.php:675
[25-Apr-2017 20:44:40 Asia/Tokyo] PHP  31. Illuminate\Pipeline\Pipeline->then() /home/ubuntu/workspace/microposts/vendor/laravel/framework/src/Illuminate/Routing/Router.php:710
[25-Apr-2017 20:44:40 Asia/Tokyo] PHP  32. call_user_func:{/home/ubuntu/workspace/microposts/vendor/laravel/framework/src/Illuminate/Pipeline/Pipeline.php:103}() /home/ubuntu/workspace/microposts/vendor/laravel/framework/src/Illuminate/Pipeline/Pipeline.php:103
[25-Apr-2017 20:44:40 Asia/Tokyo] PHP  33. Illuminate\Pipeline\Pipeline->Illuminate\Pipeline\{closure}() /home/ubuntu/workspace/microposts/vendor/laravel/framework/src/Illuminate/Pipeline/Pipeline.php:103
[25-Apr-2017 20:44:40 Asia/Tokyo] PHP  34. call_user_func_array:{/home/ubuntu/workspace/microposts/vendor/laravel/framework/src/Illuminate/Pipeline/Pipeline.php:124}() /home/ubuntu/workspace/microposts/vendor/laravel/framework/src/Illuminate/Pipeline/Pipeline.php:124
[25-Apr-2017 20:44:40 Asia/Tokyo] PHP  35. App\Http\Middleware\Authenticate->handle() /home/ubuntu/workspace/microposts/vendor/laravel/framework/src/Illuminate/Pipeline/Pipeline.php:124
[25-Apr-2017 20:44:40 Asia/Tokyo] PHP  36. Illuminate\Pipeline\Pipeline->Illuminate\Pipeline\{closure}() /home/ubuntu/workspace/microposts/app/Http/Middleware/Authenticate.php:45
[25-Apr-2017 20:44:40 Asia/Tokyo] PHP  37. call_user_func:{/home/ubuntu/workspace/microposts/vendor/laravel/framework/src/Illuminate/Pipeline/Pipeline.php:139}() /home/ubuntu/workspace/microposts/vendor/laravel/framework/src/Illuminate/Pipeline/Pipeline.php:139
[25-Apr-2017 20:44:40 Asia/Tokyo] PHP  38. Illuminate\Routing\Router->Illuminate\Routing\{closure}() /home/ubuntu/workspace/microposts/vendor/laravel/framework/src/Illuminate/Pipeline/Pipeline.php:139
[25-Apr-2017 20:44:40 Asia/Tokyo] PHP  39. Illuminate\Routing\Route->run() /home/ubuntu/workspace/microposts/vendor/laravel/framework/src/Illuminate/Routing/Router.php:708
[25-Apr-2017 20:44:40 Asia/Tokyo] PHP  40. Illuminate\Routing\Route->runWithCustomDispatcher() /home/ubuntu/workspace/microposts/vendor/laravel/framework/src/Illuminate/Routing/Route.php:134
[25-Apr-2017 20:44:40 Asia/Tokyo] PHP  41. Illuminate\Routing\ControllerDispatcher->dispatch() /home/ubuntu/workspace/microposts/vendor/laravel/framework/src/Illuminate/Routing/Route.php:203
[25-Apr-2017 20:44:40 Asia/Tokyo] PHP  42. Illuminate\Routing\ControllerDispatcher->callWithinStack() /home/ubuntu/workspace/microposts/vendor/laravel/framework/src/Illuminate/Routing/ControllerDispatcher.php:69
[25-Apr-2017 20:44:40 Asia/Tokyo] PHP  43. Illuminate\Pipeline\Pipeline->then() /home/ubuntu/workspace/microposts/vendor/laravel/framework/src/Illuminate/Routing/ControllerDispatcher.php:114
[25-Apr-2017 20:44:40 Asia/Tokyo] PHP  44. call_user_func:{/home/ubuntu/workspace/microposts/vendor/laravel/framework/src/Illuminate/Pipeline/Pipeline.php:103}() /home/ubuntu/workspace/microposts/vendor/laravel/framework/src/Illuminate/Pipeline/Pipeline.php:103
[25-Apr-2017 20:44:40 Asia/Tokyo] PHP  45. Illuminate\Pipeline\Pipeline->Illuminate\Pipeline\{closure}() /home/ubuntu/workspace/microposts/vendor/laravel/framework/src/Illuminate/Pipeline/Pipeline.php:103
[25-Apr-2017 20:44:40 Asia/Tokyo] PHP  46. call_user_func:{/home/ubuntu/workspace/microposts/vendor/laravel/framework/src/Illuminate/Pipeline/Pipeline.php:139}() /home/ubuntu/workspace/microposts/vendor/laravel/framework/src/Illuminate/Pipeline/Pipeline.php:139
[25-Apr-2017 20:44:40 Asia/Tokyo] PHP  47. Illuminate\Routing\ControllerDispatcher->Illuminate\Routing\{closure}() /home/ubuntu/workspace/microposts/vendor/laravel/framework/src/Illuminate/Pipeline/Pipeline.php:139
[25-Apr-2017 20:44:40 Asia/Tokyo] PHP  48. Illuminate\Routing\ControllerDispatcher->call() /home/ubuntu/workspace/microposts/vendor/laravel/framework/src/Illuminate/Routing/ControllerDispatcher.php:112
[25-Apr-2017 20:44:40 Asia/Tokyo] PHP  49. Illuminate\Routing\Controller->callAction() /home/ubuntu/workspace/microposts/vendor/laravel/framework/src/Illuminate/Routing/ControllerDispatcher.php:164
[25-Apr-2017 20:44:40 Asia/Tokyo] PHP  50. call_user_func_array:{/home/ubuntu/workspace/microposts/vendor/laravel/framework/src/Illuminate/Routing/Controller.php:256}() /home/ubuntu/workspace/microposts/vendor/laravel/framework/src/Illuminate/Routing/Controller.php:256
[25-Apr-2017 20:44:40 Asia/Tokyo] PHP  51. App\Http\Controllers\MicropostsController->destroy() /home/ubuntu/workspace/microposts/vendor/laravel/framework/src/Illuminate/Routing/Controller.php:256
[25-Apr-2017 21:41:35 Asia/Tokyo] PHP Fatal error:  Class 'App\Http\Controllers\Micropost' not found in /home/ubuntu/workspace/microposts/app/Http/Controllers/MicropostsController.php on line 39
[25-Apr-2017 21:41:35 Asia/Tokyo] PHP Stack trace:
[25-Apr-2017 21:41:35 Asia/Tokyo] PHP   1. {main}() /home/ubuntu/workspace/microposts/server.php:0
[25-Apr-2017 21:41:35 Asia/Tokyo] PHP   2. require_once() /home/ubuntu/workspace/microposts/server.php:21
[25-Apr-2017 21:41:35 Asia/Tokyo] PHP   3. Illuminate\Foundation\Http\Kernel->handle() /home/ubuntu/workspace/microposts/public/index.php:54
[25-Apr-2017 21:41:35 Asia/Tokyo] PHP   4. Illuminate\Foundation\Http\Kernel->sendRequestThroughRouter() /home/ubuntu/workspace/microposts/vendor/laravel/framework/src/Illuminate/Foundation/Http/Kernel.php:87
[25-Apr-2017 21:41:35 Asia/Tokyo] PHP   5. Illuminate\Pipeline\Pipeline->then() /home/ubuntu/workspace/microposts/vendor/laravel/framework/src/Illuminate/Foundation/Http/Kernel.php:122
[25-Apr-2017 21:41:35 Asia/Tokyo] PHP   6. call_user_func:{/home/ubuntu/workspace/microposts/vendor/laravel/framework/src/Illuminate/Pipeline/Pipeline.php:103}() /home/ubuntu/workspace/microposts/vendor/laravel/framework/src/Illuminate/Pipeline/Pipeline.php:103
[25-Apr-2017 21:41:35 Asia/Tokyo] PHP   7. Illuminate\Pipeline\Pipeline->Illuminate\Pipeline\{closure}() /home/ubuntu/workspace/microposts/vendor/laravel/framework/src/Illuminate/Pipeline/Pipeline.php:103
[25-Apr-2017 21:41:35 Asia/Tokyo] PHP   8. call_user_func_array:{/home/ubuntu/workspace/microposts/vendor/laravel/framework/src/Illuminate/Pipeline/Pipeline.php:124}() /home/ubuntu/workspace/microposts/vendor/laravel/framework/src/Illuminate/Pipeline/Pipeline.php:124
[25-Apr-2017 21:41:35 Asia/Tokyo] PHP   9. Illuminate\Foundation\Http\Middleware\CheckForMaintenanceMode->handle() /home/ubuntu/workspace/microposts/vendor/laravel/framework/src/Illuminate/Pipeline/Pipeline.php:124
[25-Apr-2017 21:41:35 Asia/Tokyo] PHP  10. Illuminate\Pipeline\Pipeline->Illuminate\Pipeline\{closure}() /home/ubuntu/workspace/microposts/vendor/laravel/framework/src/Illuminate/Foundation/Http/Middleware/CheckForMaintenanceMode.php:44
[25-Apr-2017 21:41:35 Asia/Tokyo] PHP  11. call_user_func_array:{/home/ubuntu/workspace/microposts/vendor/laravel/framework/src/Illuminate/Pipeline/Pipeline.php:124}() /home/ubuntu/workspace/microposts/vendor/laravel/framework/src/Illuminate/Pipeline/Pipeline.php:124
[25-Apr-2017 21:41:35 Asia/Tokyo] PHP  12. Illuminate\Cookie\Middleware\EncryptCookies->handle() /home/ubuntu/workspace/microposts/vendor/laravel/framework/src/Illuminate/Pipeline/Pipeline.php:124
[25-Apr-2017 21:41:35 Asia/Tokyo] PHP  13. Illuminate\Pipeline\Pipeline->Illuminate\Pipeline\{closure}() /home/ubuntu/workspace/microposts/vendor/laravel/framework/src/Illuminate/Cookie/Middleware/EncryptCookies.php:59
[25-Apr-2017 21:41:35 Asia/Tokyo] PHP  14. call_user_func_array:{/home/ubuntu/workspace/microposts/vendor/laravel/framework/src/Illuminate/Pipeline/Pipeline.php:124}() /home/ubuntu/workspace/microposts/vendor/laravel/framework/src/Illuminate/Pipeline/Pipeline.php:124
[25-Apr-2017 21:41:35 Asia/Tokyo] PHP  15. Illuminate\Cookie\Middleware\AddQueuedCookiesToResponse->handle() /home/ubuntu/workspace/microposts/vendor/laravel/framework/src/Illuminate/Pipeline/Pipeline.php:124
[25-Apr-2017 21:41:35 Asia/Tokyo] PHP  16. Illuminate\Pipeline\Pipeline->Illuminate\Pipeline\{closure}() /home/ubuntu/workspace/microposts/vendor/laravel/framework/src/Illuminate/Cookie/Middleware/AddQueuedCookiesToResponse.php:37
[25-Apr-2017 21:41:35 Asia/Tokyo] PHP  17. call_user_func_array:{/home/ubuntu/workspace/microposts/vendor/laravel/framework/src/Illuminate/Pipeline/Pipeline.php:124}() /home/ubuntu/workspace/microposts/vendor/laravel/framework/src/Illuminate/Pipeline/Pipeline.php:124
[25-Apr-2017 21:41:35 Asia/Tokyo] PHP  18. Illuminate\Session\Middleware\StartSession->handle() /home/ubuntu/workspace/microposts/vendor/laravel/framework/src/Illuminate/Pipeline/Pipeline.php:124
[25-Apr-2017 21:41:35 Asia/Tokyo] PHP  19. Illuminate\Pipeline\Pipeline->Illuminate\Pipeline\{closure}() /home/ubuntu/workspace/microposts/vendor/laravel/framework/src/Illuminate/Session/Middleware/StartSession.php:62
[25-Apr-2017 21:41:35 Asia/Tokyo] PHP  20. call_user_func_array:{/home/ubuntu/workspace/microposts/vendor/laravel/framework/src/Illuminate/Pipeline/Pipeline.php:124}() /home/ubuntu/workspace/microposts/vendor/laravel/framework/src/Illuminate/Pipeline/Pipeline.php:124
[25-Apr-2017 21:41:35 Asia/Tokyo] PHP  21. Illuminate\View\Middleware\ShareErrorsFromSession->handle() /home/ubuntu/workspace/microposts/vendor/laravel/framework/src/Illuminate/Pipeline/Pipeline.php:124
[25-Apr-2017 21:41:35 Asia/Tokyo] PHP  22. Illuminate\Pipeline\Pipeline->Illuminate\Pipeline\{closure}() /home/ubuntu/workspace/microposts/vendor/laravel/framework/src/Illuminate/View/Middleware/ShareErrorsFromSession.php:49
[25-Apr-2017 21:41:35 Asia/Tokyo] PHP  23. call_user_func_array:{/home/ubuntu/workspace/microposts/vendor/laravel/framework/src/Illuminate/Pipeline/Pipeline.php:124}() /home/ubuntu/workspace/microposts/vendor/laravel/framework/src/Illuminate/Pipeline/Pipeline.php:124
[25-Apr-2017 21:41:35 Asia/Tokyo] PHP  24. Illuminate\Foundation\Http\Middleware\VerifyCsrfToken->handle() /home/ubuntu/workspace/microposts/vendor/laravel/framework/src/Illuminate/Pipeline/Pipeline.php:124
[25-Apr-2017 21:41:35 Asia/Tokyo] PHP  25. Illuminate\Pipeline\Pipeline->Illuminate\Pipeline\{closure}() /home/ubuntu/workspace/microposts/vendor/laravel/framework/src/Illuminate/Foundation/Http/Middleware/VerifyCsrfToken.php:50
[25-Apr-2017 21:41:35 Asia/Tokyo] PHP  26. call_user_func:{/home/ubuntu/workspace/microposts/vendor/laravel/framework/src/Illuminate/Pipeline/Pipeline.php:139}() /home/ubuntu/workspace/microposts/vendor/laravel/framework/src/Illuminate/Pipeline/Pipeline.php:139
[25-Apr-2017 21:41:35 Asia/Tokyo] PHP  27. Illuminate\Foundation\Http\Kernel->Illuminate\Foundation\Http\{closure}() /home/ubuntu/workspace/microposts/vendor/laravel/framework/src/Illuminate/Pipeline/Pipeline.php:139
[25-Apr-2017 21:41:35 Asia/Tokyo] PHP  28. Illuminate\Routing\Router->dispatch() /home/ubuntu/workspace/microposts/vendor/laravel/framework/src/Illuminate/Foundation/Http/Kernel.php:236
[25-Apr-2017 21:41:35 Asia/Tokyo] PHP  29. Illuminate\Routing\Router->dispatchToRoute() /home/ubuntu/workspace/microposts/vendor/laravel/framework/src/Illuminate/Routing/Router.php:635
[25-Apr-2017 21:41:35 Asia/Tokyo] PHP  30. Illuminate\Routing\Router->runRouteWithinStack() /home/ubuntu/workspace/microposts/vendor/laravel/framework/src/Illuminate/Routing/Router.php:675
[25-Apr-2017 21:41:35 Asia/Tokyo] PHP  31. Illuminate\Pipeline\Pipeline->then() /home/ubuntu/workspace/microposts/vendor/laravel/framework/src/Illuminate/Routing/Router.php:710
[25-Apr-2017 21:41:35 Asia/Tokyo] PHP  32. call_user_func:{/home/ubuntu/workspace/microposts/vendor/laravel/framework/src/Illuminate/Pipeline/Pipeline.php:103}() /home/ubuntu/workspace/microposts/vendor/laravel/framework/src/Illuminate/Pipeline/Pipeline.php:103
[25-Apr-2017 21:41:35 Asia/Tokyo] PHP  33. Illuminate\Pipeline\Pipeline->Illuminate\Pipeline\{closure}() /home/ubuntu/workspace/microposts/vendor/laravel/framework/src/Illuminate/Pipeline/Pipeline.php:103
[25-Apr-2017 21:41:35 Asia/Tokyo] PHP  34. call_user_func_array:{/home/ubuntu/workspace/microposts/vendor/laravel/framework/src/Illuminate/Pipeline/Pipeline.php:124}() /home/ubuntu/workspace/microposts/vendor/laravel/framework/src/Illuminate/Pipeline/Pipeline.php:124
[25-Apr-2017 21:41:35 Asia/Tokyo] PHP  35. App\Http\Middleware\Authenticate->handle() /home/ubuntu/workspace/microposts/vendor/laravel/framework/src/Illuminate/Pipeline/Pipeline.php:124
[25-Apr-2017 21:41:35 Asia/Tokyo] PHP  36. Illuminate\Pipeline\Pipeline->Illuminate\Pipeline\{closure}() /home/ubuntu/workspace/microposts/app/Http/Middleware/Authenticate.php:45
[25-Apr-2017 21:41:35 Asia/Tokyo] PHP  37. call_user_func:{/home/ubuntu/workspace/microposts/vendor/laravel/framework/src/Illuminate/Pipeline/Pipeline.php:139}() /home/ubuntu/workspace/microposts/vendor/laravel/framework/src/Illuminate/Pipeline/Pipeline.php:139
[25-Apr-2017 21:41:35 Asia/Tokyo] PHP  38. Illuminate\Routing\Router->Illuminate\Routing\{closure}() /home/ubuntu/workspace/microposts/vendor/laravel/framework/src/Illuminate/Pipeline/Pipeline.php:139
[25-Apr-2017 21:41:35 Asia/Tokyo] PHP  39. Illuminate\Routing\Route->run() /home/ubuntu/workspace/microposts/vendor/laravel/framework/src/Illuminate/Routing/Router.php:708
[25-Apr-2017 21:41:35 Asia/Tokyo] PHP  40. Illuminate\Routing\Route->runWithCustomDispatcher() /home/ubuntu/workspace/microposts/vendor/laravel/framework/src/Illuminate/Routing/Route.php:134
[25-Apr-2017 21:41:35 Asia/Tokyo] PHP  41. Illuminate\Routing\ControllerDispatcher->dispatch() /home/ubuntu/workspace/microposts/vendor/laravel/framework/src/Illuminate/Routing/Route.php:203
[25-Apr-2017 21:41:35 Asia/Tokyo] PHP  42. Illuminate\Routing\ControllerDispatcher->callWithinStack() /home/ubuntu/workspace/microposts/vendor/laravel/framework/src/Illuminate/Routing/ControllerDispatcher.php:69
[25-Apr-2017 21:41:35 Asia/Tokyo] PHP  43. Illuminate\Pipeline\Pipeline->then() /home/ubuntu/workspace/microposts/vendor/laravel/framework/src/Illuminate/Routing/ControllerDispatcher.php:114
[25-Apr-2017 21:41:35 Asia/Tokyo] PHP  44. call_user_func:{/home/ubuntu/workspace/microposts/vendor/laravel/framework/src/Illuminate/Pipeline/Pipeline.php:103}() /home/ubuntu/workspace/microposts/vendor/laravel/framework/src/Illuminate/Pipeline/Pipeline.php:103
[25-Apr-2017 21:41:35 Asia/Tokyo] PHP  45. Illuminate\Pipeline\Pipeline->Illuminate\Pipeline\{closure}() /home/ubuntu/workspace/microposts/vendor/laravel/framework/src/Illuminate/Pipeline/Pipeline.php:103
[25-Apr-2017 21:41:35 Asia/Tokyo] PHP  46. call_user_func:{/home/ubuntu/workspace/microposts/vendor/laravel/framework/src/Illuminate/Pipeline/Pipeline.php:139}() /home/ubuntu/workspace/microposts/vendor/laravel/framework/src/Illuminate/Pipeline/Pipeline.php:139
[25-Apr-2017 21:41:35 Asia/Tokyo] PHP  47. Illuminate\Routing\ControllerDispatcher->Illuminate\Routing\{closure}() /home/ubuntu/workspace/microposts/vendor/laravel/framework/src/Illuminate/Pipeline/Pipeline.php:139
[25-Apr-2017 21:41:35 Asia/Tokyo] PHP  48. Illuminate\Routing\ControllerDispatcher->call() /home/ubuntu/workspace/microposts/vendor/laravel/framework/src/Illuminate/Routing/ControllerDispatcher.php:112
[25-Apr-2017 21:41:35 Asia/Tokyo] PHP  49. Illuminate\Routing\Controller->callAction() /home/ubuntu/workspace/microposts/vendor/laravel/framework/src/Illuminate/Routing/ControllerDispatcher.php:164
[25-Apr-2017 21:41:35 Asia/Tokyo] PHP  50. call_user_func_array:{/home/ubuntu/workspace/microposts/vendor/laravel/framework/src/Illuminate/Routing/Controller.php:256}() /home/ubuntu/workspace/microposts/vendor/laravel/framework/src/Illuminate/Routing/Controller.php:256
[25-Apr-2017 21:41:35 Asia/Tokyo] PHP  51. App\Http\Controllers\MicropostsController->destroy() /home/ubuntu/workspace/microposts/vendor/laravel/framework/src/Illuminate/Routing/Controller.php:256
[08-May-2017 16:13:45 Asia/Tokyo] PHP Parse error:  syntax error, unexpected '}' in /home/ubuntu/workspace/microposts/app/User.php on line 106
[08-May-2017 16:13:45 Asia/Tokyo] PHP Stack trace:
[08-May-2017 16:13:45 Asia/Tokyo] PHP   1. {main}() /home/ubuntu/workspace/microposts/server.php:0
[08-May-2017 16:13:45 Asia/Tokyo] PHP   2. require_once() /home/ubuntu/workspace/microposts/server.php:21
[08-May-2017 16:13:45 Asia/Tokyo] PHP   3. Illuminate\Foundation\Http\Kernel->handle() /home/ubuntu/workspace/microposts/public/index.php:54
[08-May-2017 16:13:45 Asia/Tokyo] PHP   4. Illuminate\Foundation\Http\Kernel->sendRequestThroughRouter() /home/ubuntu/workspace/microposts/vendor/laravel/framework/src/Illuminate/Foundation/Http/Kernel.php:87
[08-May-2017 16:13:45 Asia/Tokyo] PHP   5. Illuminate\Pipeline\Pipeline->then() /home/ubuntu/workspace/microposts/vendor/laravel/framework/src/Illuminate/Foundation/Http/Kernel.php:122
[08-May-2017 16:13:45 Asia/Tokyo] PHP   6. call_user_func:{/home/ubuntu/workspace/microposts/vendor/laravel/framework/src/Illuminate/Pipeline/Pipeline.php:103}() /home/ubuntu/workspace/microposts/vendor/laravel/framework/src/Illuminate/Pipeline/Pipeline.php:103
[08-May-2017 16:13:45 Asia/Tokyo] PHP   7. Illuminate\Pipeline\Pipeline->Illuminate\Pipeline\{closure}() /home/ubuntu/workspace/microposts/vendor/laravel/framework/src/Illuminate/Pipeline/Pipeline.php:103
[08-May-2017 16:13:45 Asia/Tokyo] PHP   8. call_user_func_array:{/home/ubuntu/workspace/microposts/vendor/laravel/framework/src/Illuminate/Pipeline/Pipeline.php:124}() /home/ubuntu/workspace/microposts/vendor/laravel/framework/src/Illuminate/Pipeline/Pipeline.php:124
[08-May-2017 16:13:45 Asia/Tokyo] PHP   9. Illuminate\Foundation\Http\Middleware\CheckForMaintenanceMode->handle() /home/ubuntu/workspace/microposts/vendor/laravel/framework/src/Illuminate/Pipeline/Pipeline.php:124
[08-May-2017 16:13:45 Asia/Tokyo] PHP  10. Illuminate\Pipeline\Pipeline->Illuminate\Pipeline\{closure}() /home/ubuntu/workspace/microposts/vendor/laravel/framework/src/Illuminate/Foundation/Http/Middleware/CheckForMaintenanceMode.php:44
[08-May-2017 16:13:45 Asia/Tokyo] PHP  11. call_user_func_array:{/home/ubuntu/workspace/microposts/vendor/laravel/framework/src/Illuminate/Pipeline/Pipeline.php:124}() /home/ubuntu/workspace/microposts/vendor/laravel/framework/src/Illuminate/Pipeline/Pipeline.php:124
[08-May-2017 16:13:45 Asia/Tokyo] PHP  12. Illuminate\Cookie\Middleware\EncryptCookies->handle() /home/ubuntu/workspace/microposts/vendor/laravel/framework/src/Illuminate/Pipeline/Pipeline.php:124
[08-May-2017 16:13:45 Asia/Tokyo] PHP  13. Illuminate\Pipeline\Pipeline->Illuminate\Pipeline\{closure}() /home/ubuntu/workspace/microposts/vendor/laravel/framework/src/Illuminate/Cookie/Middleware/EncryptCookies.php:59
[08-May-2017 16:13:45 Asia/Tokyo] PHP  14. call_user_func_array:{/home/ubuntu/workspace/microposts/vendor/laravel/framework/src/Illuminate/Pipeline/Pipeline.php:124}() /home/ubuntu/workspace/microposts/vendor/laravel/framework/src/Illuminate/Pipeline/Pipeline.php:124
[08-May-2017 16:13:45 Asia/Tokyo] PHP  15. Illuminate\Cookie\Middleware\AddQueuedCookiesToResponse->handle() /home/ubuntu/workspace/microposts/vendor/laravel/framework/src/Illuminate/Pipeline/Pipeline.php:124
[08-May-2017 16:13:45 Asia/Tokyo] PHP  16. Illuminate\Pipeline\Pipeline->Illuminate\Pipeline\{closure}() /home/ubuntu/workspace/microposts/vendor/laravel/framework/src/Illuminate/Cookie/Middleware/AddQueuedCookiesToResponse.php:37
[08-May-2017 16:13:45 Asia/Tokyo] PHP  17. call_user_func_array:{/home/ubuntu/workspace/microposts/vendor/laravel/framework/src/Illuminate/Pipeline/Pipeline.php:124}() /home/ubuntu/workspace/microposts/vendor/laravel/framework/src/Illuminate/Pipeline/Pipeline.php:124
[08-May-2017 16:13:45 Asia/Tokyo] PHP  18. Illuminate\Session\Middleware\StartSession->handle() /home/ubuntu/workspace/microposts/vendor/laravel/framework/src/Illuminate/Pipeline/Pipeline.php:124
[08-May-2017 16:13:45 Asia/Tokyo] PHP  19. Illuminate\Pipeline\Pipeline->Illuminate\Pipeline\{closure}() /home/ubuntu/workspace/microposts/vendor/laravel/framework/src/Illuminate/Session/Middleware/StartSession.php:62
[08-May-2017 16:13:45 Asia/Tokyo] PHP  20. call_user_func_array:{/home/ubuntu/workspace/microposts/vendor/laravel/framework/src/Illuminate/Pipeline/Pipeline.php:124}() /home/ubuntu/workspace/microposts/vendor/laravel/framework/src/Illuminate/Pipeline/Pipeline.php:124
[08-May-2017 16:13:45 Asia/Tokyo] PHP  21. Illuminate\View\Middleware\ShareErrorsFromSession->handle() /home/ubuntu/workspace/microposts/vendor/laravel/framework/src/Illuminate/Pipeline/Pipeline.php:124
[08-May-2017 16:13:45 Asia/Tokyo] PHP  22. Illuminate\Pipeline\Pipeline->Illuminate\Pipeline\{closure}() /home/ubuntu/workspace/microposts/vendor/laravel/framework/src/Illuminate/View/Middleware/ShareErrorsFromSession.php:49
[08-May-2017 16:13:45 Asia/Tokyo] PHP  23. call_user_func_array:{/home/ubuntu/workspace/microposts/vendor/laravel/framework/src/Illuminate/Pipeline/Pipeline.php:124}() /home/ubuntu/workspace/microposts/vendor/laravel/framework/src/Illuminate/Pipeline/Pipeline.php:124
[08-May-2017 16:13:45 Asia/Tokyo] PHP  24. Illuminate\Foundation\Http\Middleware\VerifyCsrfToken->handle() /home/ubuntu/workspace/microposts/vendor/laravel/framework/src/Illuminate/Pipeline/Pipeline.php:124
[08-May-2017 16:13:45 Asia/Tokyo] PHP  25. Illuminate\Pipeline\Pipeline->Illuminate\Pipeline\{closure}() /home/ubuntu/workspace/microposts/vendor/laravel/framework/src/Illuminate/Foundation/Http/Middleware/VerifyCsrfToken.php:50
[08-May-2017 16:13:45 Asia/Tokyo] PHP  26. call_user_func:{/home/ubuntu/workspace/microposts/vendor/laravel/framework/src/Illuminate/Pipeline/Pipeline.php:139}() /home/ubuntu/workspace/microposts/vendor/laravel/framework/src/Illuminate/Pipeline/Pipeline.php:139
[08-May-2017 16:13:45 Asia/Tokyo] PHP  27. Illuminate\Foundation\Http\Kernel->Illuminate\Foundation\Http\{closure}() /home/ubuntu/workspace/microposts/vendor/laravel/framework/src/Illuminate/Pipeline/Pipeline.php:139
[08-May-2017 16:13:45 Asia/Tokyo] PHP  28. Illuminate\Routing\Router->dispatch() /home/ubuntu/workspace/microposts/vendor/laravel/framework/src/Illuminate/Foundation/Http/Kernel.php:236
[08-May-2017 16:13:45 Asia/Tokyo] PHP  29. Illuminate\Routing\Router->dispatchToRoute() /home/ubuntu/workspace/microposts/vendor/laravel/framework/src/Illuminate/Routing/Router.php:635
[08-May-2017 16:13:45 Asia/Tokyo] PHP  30. Illuminate\Routing\Router->runRouteWithinStack() /home/ubuntu/workspace/microposts/vendor/laravel/framework/src/Illuminate/Routing/Router.php:675
[08-May-2017 16:13:45 Asia/Tokyo] PHP  31. Illuminate\Pipeline\Pipeline->then() /home/ubuntu/workspace/microposts/vendor/laravel/framework/src/Illuminate/Routing/Router.php:710
[08-May-2017 16:13:45 Asia/Tokyo] PHP  32. call_user_func:{/home/ubuntu/workspace/microposts/vendor/laravel/framework/src/Illuminate/Pipeline/Pipeline.php:103}() /home/ubuntu/workspace/microposts/vendor/laravel/framework/src/Illuminate/Pipeline/Pipeline.php:103
[08-May-2017 16:13:45 Asia/Tokyo] PHP  33. Illuminate\Pipeline\Pipeline->Illuminate\Pipeline\{closure}() /home/ubuntu/workspace/microposts/vendor/laravel/framework/src/Illuminate/Pipeline/Pipeline.php:103
[08-May-2017 16:13:45 Asia/Tokyo] PHP  34. call_user_func:{/home/ubuntu/workspace/microposts/vendor/laravel/framework/src/Illuminate/Pipeline/Pipeline.php:139}() /home/ubuntu/workspace/microposts/vendor/laravel/framework/src/Illuminate/Pipeline/Pipeline.php:139
[08-May-2017 16:13:45 Asia/Tokyo] PHP  35. Illuminate\Routing\Router->Illuminate\Routing\{closure}() /home/ubuntu/workspace/microposts/vendor/laravel/framework/src/Illuminate/Pipeline/Pipeline.php:139
[08-May-2017 16:13:45 Asia/Tokyo] PHP  36. Illuminate\Routing\Route->run() /home/ubuntu/workspace/microposts/vendor/laravel/framework/src/Illuminate/Routing/Router.php:708
[08-May-2017 16:13:45 Asia/Tokyo] PHP  37. Illuminate\Routing\Route->runWithCustomDispatcher() /home/ubuntu/workspace/microposts/vendor/laravel/framework/src/Illuminate/Routing/Route.php:134
[08-May-2017 16:13:45 Asia/Tokyo] PHP  38. Illuminate\Routing\ControllerDispatcher->dispatch() /home/ubuntu/workspace/microposts/vendor/laravel/framework/src/Illuminate/Routing/Route.php:203
[08-May-2017 16:13:45 Asia/Tokyo] PHP  39. Illuminate\Routing\ControllerDispatcher->callWithinStack() /home/ubuntu/workspace/microposts/vendor/laravel/framework/src/Illuminate/Routing/ControllerDispatcher.php:69
[08-May-2017 16:13:45 Asia/Tokyo] PHP  40. Illuminate\Pipeline\Pipeline->then() /home/ubuntu/workspace/microposts/vendor/laravel/framework/src/Illuminate/Routing/ControllerDispatcher.php:114
[08-May-2017 16:13:45 Asia/Tokyo] PHP  41. call_user_func:{/home/ubuntu/workspace/microposts/vendor/laravel/framework/src/Illuminate/Pipeline/Pipeline.php:103}() /home/ubuntu/workspace/microposts/vendor/laravel/framework/src/Illuminate/Pipeline/Pipeline.php:103
[08-May-2017 16:13:45 Asia/Tokyo] PHP  42. Illuminate\Pipeline\Pipeline->Illuminate\Pipeline\{closure}() /home/ubuntu/workspace/microposts/vendor/laravel/framework/src/Illuminate/Pipeline/Pipeline.php:103
[08-May-2017 16:13:45 Asia/Tokyo] PHP  43. call_user_func_array:{/home/ubuntu/workspace/microposts/vendor/laravel/framework/src/Illuminate/Pipeline/Pipeline.php:124}() /home/ubuntu/workspace/microposts/vendor/laravel/framework/src/Illuminate/Pipeline/Pipeline.php:124
[08-May-2017 16:13:45 Asia/Tokyo] PHP  44. App\Http\Middleware\RedirectIfAuthenticated->handle() /home/ubuntu/workspace/microposts/vendor/laravel/framework/src/Illuminate/Pipeline/Pipeline.php:124
[08-May-2017 16:13:45 Asia/Tokyo] PHP  45. Illuminate\Pipeline\Pipeline->Illuminate\Pipeline\{closure}() /home/ubuntu/workspace/microposts/app/Http/Middleware/RedirectIfAuthenticated.php:41
[08-May-2017 16:13:45 Asia/Tokyo] PHP  46. call_user_func:{/home/ubuntu/workspace/microposts/vendor/laravel/framework/src/Illuminate/Pipeline/Pipeline.php:139}() /home/ubuntu/workspace/microposts/vendor/laravel/framework/src/Illuminate/Pipeline/Pipeline.php:139
[08-May-2017 16:13:45 Asia/Tokyo] PHP  47. Illuminate\Routing\ControllerDispatcher->Illuminate\Routing\{closure}() /home/ubuntu/workspace/microposts/vendor/laravel/framework/src/Illuminate/Pipeline/Pipeline.php:139
[08-May-2017 16:13:45 Asia/Tokyo] PHP  48. Illuminate\Routing\ControllerDispatcher->call() /home/ubuntu/workspace/microposts/vendor/laravel/framework/src/Illuminate/Routing/ControllerDispatcher.php:112
[08-May-2017 16:13:45 Asia/Tokyo] PHP  49. Illuminate\Routing\Controller->callAction() /home/ubuntu/workspace/microposts/vendor/laravel/framework/src/Illuminate/Routing/ControllerDispatcher.php:164
[08-May-2017 16:13:45 Asia/Tokyo] PHP  50. call_user_func_array:{/home/ubuntu/workspace/microposts/vendor/laravel/framework/src/Illuminate/Routing/Controller.php:256}() /home/ubuntu/workspace/microposts/vendor/laravel/framework/src/Illuminate/Routing/Controller.php:256
[08-May-2017 16:13:45 Asia/Tokyo] PHP  51. App\Http\Controllers\Auth\AuthController->postLogin() /home/ubuntu/workspace/microposts/vendor/laravel/framework/src/Illuminate/Routing/Controller.php:256
[08-May-2017 16:13:45 Asia/Tokyo] PHP  52. Illuminate\Support\Facades\Auth::attempt() /home/ubuntu/workspace/microposts/vendor/laravel/framework/src/Illuminate/Foundation/Auth/AuthenticatesUsers.php:50
[08-May-2017 16:13:45 Asia/Tokyo] PHP  53. Illuminate\Support\Facades\Facade::__callStatic() /home/ubuntu/workspace/microposts/vendor/laravel/framework/src/Illuminate/Foundation/Auth/AuthenticatesUsers.php:50
[08-May-2017 16:13:45 Asia/Tokyo] PHP  54. Illuminate\Auth\AuthManager->attempt() /home/ubuntu/workspace/microposts/vendor/laravel/framework/src/Illuminate/Support/Facades/Facade.php:217
[08-May-2017 16:13:45 Asia/Tokyo] PHP  55. Illuminate\Support\Manager->__call() /home/ubuntu/workspace/microposts/vendor/laravel/framework/src/Illuminate/Support/Facades/Facade.php:217
[08-May-2017 16:13:45 Asia/Tokyo] PHP  56. call_user_func_array:{/home/ubuntu/workspace/microposts/vendor/laravel/framework/src/Illuminate/Support/Manager.php:137}() /home/ubuntu/workspace/microposts/vendor/laravel/framework/src/Illuminate/Support/Manager.php:137
[08-May-2017 16:13:45 Asia/Tokyo] PHP  57. Illuminate\Auth\Guard->attempt() /home/ubuntu/workspace/microposts/vendor/laravel/framework/src/Illuminate/Support/Manager.php:137
[08-May-2017 16:13:45 Asia/Tokyo] PHP  58. Illuminate\Auth\EloquentUserProvider->retrieveByCredentials() /home/ubuntu/workspace/microposts/vendor/laravel/framework/src/Illuminate/Auth/Guard.php:365
[08-May-2017 16:13:45 Asia/Tokyo] PHP  59. Illuminate\Auth\EloquentUserProvider->createModel() /home/ubuntu/workspace/microposts/vendor/laravel/framework/src/Illuminate/Auth/EloquentUserProvider.php:92
[08-May-2017 16:13:45 Asia/Tokyo] PHP  60. spl_autoload_call() /home/ubuntu/workspace/microposts/vendor/laravel/framework/src/Illuminate/Auth/EloquentUserProvider.php:126
[08-May-2017 16:13:45 Asia/Tokyo] PHP  61. Composer\Autoload\ClassLoader->loadClass() /home/ubuntu/workspace/microposts/vendor/laravel/framework/src/Illuminate/Auth/EloquentUserProvider.php:126
[08-May-2017 16:13:45 Asia/Tokyo] PHP  62. Composer\Autoload\includeFile() /home/ubuntu/workspace/microposts/vendor/composer/ClassLoader.php:322
[08-May-2017 17:13:01 Asia/Tokyo] PHP Fatal error:  Cannot redeclare App\Http\Controllers\WelcomeController::index() in /home/ubuntu/workspace/microposts/app/Http/Controllers/WelcomeController.php on line 33
[08-May-2017 17:13:01 Asia/Tokyo] PHP Stack trace:
[08-May-2017 17:13:01 Asia/Tokyo] PHP   1. {main}() /home/ubuntu/workspace/microposts/server.php:0
[08-May-2017 17:13:01 Asia/Tokyo] PHP   2. require_once() /home/ubuntu/workspace/microposts/server.php:21
[08-May-2017 17:13:01 Asia/Tokyo] PHP   3. Illuminate\Foundation\Http\Kernel->handle() /home/ubuntu/workspace/microposts/public/index.php:54
[08-May-2017 17:13:01 Asia/Tokyo] PHP   4. Illuminate\Foundation\Http\Kernel->sendRequestThroughRouter() /home/ubuntu/workspace/microposts/vendor/laravel/framework/src/Illuminate/Foundation/Http/Kernel.php:87
[08-May-2017 17:13:01 Asia/Tokyo] PHP   5. Illuminate\Pipeline\Pipeline->then() /home/ubuntu/workspace/microposts/vendor/laravel/framework/src/Illuminate/Foundation/Http/Kernel.php:122
[08-May-2017 17:13:01 Asia/Tokyo] PHP   6. call_user_func:{/home/ubuntu/workspace/microposts/vendor/laravel/framework/src/Illuminate/Pipeline/Pipeline.php:103}() /home/ubuntu/workspace/microposts/vendor/laravel/framework/src/Illuminate/Pipeline/Pipeline.php:103
[08-May-2017 17:13:01 Asia/Tokyo] PHP   7. Illuminate\Pipeline\Pipeline->Illuminate\Pipeline\{closure}() /home/ubuntu/workspace/microposts/vendor/laravel/framework/src/Illuminate/Pipeline/Pipeline.php:103
[08-May-2017 17:13:01 Asia/Tokyo] PHP   8. call_user_func_array:{/home/ubuntu/workspace/microposts/vendor/laravel/framework/src/Illuminate/Pipeline/Pipeline.php:124}() /home/ubuntu/workspace/microposts/vendor/laravel/framework/src/Illuminate/Pipeline/Pipeline.php:124
[08-May-2017 17:13:01 Asia/Tokyo] PHP   9. Illuminate\Foundation\Http\Middleware\CheckForMaintenanceMode->handle() /home/ubuntu/workspace/microposts/vendor/laravel/framework/src/Illuminate/Pipeline/Pipeline.php:124
[08-May-2017 17:13:01 Asia/Tokyo] PHP  10. Illuminate\Pipeline\Pipeline->Illuminate\Pipeline\{closure}() /home/ubuntu/workspace/microposts/vendor/laravel/framework/src/Illuminate/Foundation/Http/Middleware/CheckForMaintenanceMode.php:44
[08-May-2017 17:13:01 Asia/Tokyo] PHP  11. call_user_func_array:{/home/ubuntu/workspace/microposts/vendor/laravel/framework/src/Illuminate/Pipeline/Pipeline.php:124}() /home/ubuntu/workspace/microposts/vendor/laravel/framework/src/Illuminate/Pipeline/Pipeline.php:124
[08-May-2017 17:13:01 Asia/Tokyo] PHP  12. Illuminate\Cookie\Middleware\EncryptCookies->handle() /home/ubuntu/workspace/microposts/vendor/laravel/framework/src/Illuminate/Pipeline/Pipeline.php:124
[08-May-2017 17:13:01 Asia/Tokyo] PHP  13. Illuminate\Pipeline\Pipeline->Illuminate\Pipeline\{closure}() /home/ubuntu/workspace/microposts/vendor/laravel/framework/src/Illuminate/Cookie/Middleware/EncryptCookies.php:59
[08-May-2017 17:13:01 Asia/Tokyo] PHP  14. call_user_func_array:{/home/ubuntu/workspace/microposts/vendor/laravel/framework/src/Illuminate/Pipeline/Pipeline.php:124}() /home/ubuntu/workspace/microposts/vendor/laravel/framework/src/Illuminate/Pipeline/Pipeline.php:124
[08-May-2017 17:13:01 Asia/Tokyo] PHP  15. Illuminate\Cookie\Middleware\AddQueuedCookiesToResponse->handle() /home/ubuntu/workspace/microposts/vendor/laravel/framework/src/Illuminate/Pipeline/Pipeline.php:124
[08-May-2017 17:13:01 Asia/Tokyo] PHP  16. Illuminate\Pipeline\Pipeline->Illuminate\Pipeline\{closure}() /home/ubuntu/workspace/microposts/vendor/laravel/framework/src/Illuminate/Cookie/Middleware/AddQueuedCookiesToResponse.php:37
[08-May-2017 17:13:01 Asia/Tokyo] PHP  17. call_user_func_array:{/home/ubuntu/workspace/microposts/vendor/laravel/framework/src/Illuminate/Pipeline/Pipeline.php:124}() /home/ubuntu/workspace/microposts/vendor/laravel/framework/src/Illuminate/Pipeline/Pipeline.php:124
[08-May-2017 17:13:01 Asia/Tokyo] PHP  18. Illuminate\Session\Middleware\StartSession->handle() /home/ubuntu/workspace/microposts/vendor/laravel/framework/src/Illuminate/Pipeline/Pipeline.php:124
[08-May-2017 17:13:01 Asia/Tokyo] PHP  19. Illuminate\Pipeline\Pipeline->Illuminate\Pipeline\{closure}() /home/ubuntu/workspace/microposts/vendor/laravel/framework/src/Illuminate/Session/Middleware/StartSession.php:62
[08-May-2017 17:13:01 Asia/Tokyo] PHP  20. call_user_func_array:{/home/ubuntu/workspace/microposts/vendor/laravel/framework/src/Illuminate/Pipeline/Pipeline.php:124}() /home/ubuntu/workspace/microposts/vendor/laravel/framework/src/Illuminate/Pipeline/Pipeline.php:124
[08-May-2017 17:13:01 Asia/Tokyo] PHP  21. Illuminate\View\Middleware\ShareErrorsFromSession->handle() /home/ubuntu/workspace/microposts/vendor/laravel/framework/src/Illuminate/Pipeline/Pipeline.php:124
[08-May-2017 17:13:01 Asia/Tokyo] PHP  22. Illuminate\Pipeline\Pipeline->Illuminate\Pipeline\{closure}() /home/ubuntu/workspace/microposts/vendor/laravel/framework/src/Illuminate/View/Middleware/ShareErrorsFromSession.php:49
[08-May-2017 17:13:01 Asia/Tokyo] PHP  23. call_user_func_array:{/home/ubuntu/workspace/microposts/vendor/laravel/framework/src/Illuminate/Pipeline/Pipeline.php:124}() /home/ubuntu/workspace/microposts/vendor/laravel/framework/src/Illuminate/Pipeline/Pipeline.php:124
[08-May-2017 17:13:01 Asia/Tokyo] PHP  24. Illuminate\Foundation\Http\Middleware\VerifyCsrfToken->handle() /home/ubuntu/workspace/microposts/vendor/laravel/framework/src/Illuminate/Pipeline/Pipeline.php:124
[08-May-2017 17:13:01 Asia/Tokyo] PHP  25. Illuminate\Pipeline\Pipeline->Illuminate\Pipeline\{closure}() /home/ubuntu/workspace/microposts/vendor/laravel/framework/src/Illuminate/Foundation/Http/Middleware/VerifyCsrfToken.php:50
[08-May-2017 17:13:01 Asia/Tokyo] PHP  26. call_user_func:{/home/ubuntu/workspace/microposts/vendor/laravel/framework/src/Illuminate/Pipeline/Pipeline.php:139}() /home/ubuntu/workspace/microposts/vendor/laravel/framework/src/Illuminate/Pipeline/Pipeline.php:139
[08-May-2017 17:13:01 Asia/Tokyo] PHP  27. Illuminate\Foundation\Http\Kernel->Illuminate\Foundation\Http\{closure}() /home/ubuntu/workspace/microposts/vendor/laravel/framework/src/Illuminate/Pipeline/Pipeline.php:139
[08-May-2017 17:13:01 Asia/Tokyo] PHP  28. Illuminate\Routing\Router->dispatch() /home/ubuntu/workspace/microposts/vendor/laravel/framework/src/Illuminate/Foundation/Http/Kernel.php:236
[08-May-2017 17:13:01 Asia/Tokyo] PHP  29. Illuminate\Routing\Router->dispatchToRoute() /home/ubuntu/workspace/microposts/vendor/laravel/framework/src/Illuminate/Routing/Router.php:635
[08-May-2017 17:13:01 Asia/Tokyo] PHP  30. Illuminate\Routing\Router->runRouteWithinStack() /home/ubuntu/workspace/microposts/vendor/laravel/framework/src/Illuminate/Routing/Router.php:675
[08-May-2017 17:13:01 Asia/Tokyo] PHP  31. Illuminate\Pipeline\Pipeline->then() /home/ubuntu/workspace/microposts/vendor/laravel/framework/src/Illuminate/Routing/Router.php:710
[08-May-2017 17:13:01 Asia/Tokyo] PHP  32. call_user_func:{/home/ubuntu/workspace/microposts/vendor/laravel/framework/src/Illuminate/Pipeline/Pipeline.php:103}() /home/ubuntu/workspace/microposts/vendor/laravel/framework/src/Illuminate/Pipeline/Pipeline.php:103
[08-May-2017 17:13:01 Asia/Tokyo] PHP  33. Illuminate\Pipeline\Pipeline->Illuminate\Pipeline\{closure}() /home/ubuntu/workspace/microposts/vendor/laravel/framework/src/Illuminate/Pipeline/Pipeline.php:103
[08-May-2017 17:13:01 Asia/Tokyo] PHP  34. call_user_func:{/home/ubuntu/workspace/microposts/vendor/laravel/framework/src/Illuminate/Pipeline/Pipeline.php:139}() /home/ubuntu/workspace/microposts/vendor/laravel/framework/src/Illuminate/Pipeline/Pipeline.php:139
[08-May-2017 17:13:01 Asia/Tokyo] PHP  35. Illuminate\Routing\Router->Illuminate\Routing\{closure}() /home/ubuntu/workspace/microposts/vendor/laravel/framework/src/Illuminate/Pipeline/Pipeline.php:139
[08-May-2017 17:13:01 Asia/Tokyo] PHP  36. Illuminate\Routing\Route->run() /home/ubuntu/workspace/microposts/vendor/laravel/framework/src/Illuminate/Routing/Router.php:708
[08-May-2017 17:13:01 Asia/Tokyo] PHP  37. Illuminate\Routing\Route->runWithCustomDispatcher() /home/ubuntu/workspace/microposts/vendor/laravel/framework/src/Illuminate/Routing/Route.php:134
[08-May-2017 17:13:01 Asia/Tokyo] PHP  38. Illuminate\Routing\ControllerDispatcher->dispatch() /home/ubuntu/workspace/microposts/vendor/laravel/framework/src/Illuminate/Routing/Route.php:203
[08-May-2017 17:13:01 Asia/Tokyo] PHP  39. Illuminate\Routing\ControllerDispatcher->makeController() /home/ubuntu/workspace/microposts/vendor/laravel/framework/src/Illuminate/Routing/ControllerDispatcher.php:57
[08-May-2017 17:13:01 Asia/Tokyo] PHP  40. Illuminate\Foundation\Application->make() /home/ubuntu/workspace/microposts/vendor/laravel/framework/src/Illuminate/Routing/ControllerDispatcher.php:85
[08-May-2017 17:13:01 Asia/Tokyo] PHP  41. Illuminate\Container\Container->make() /home/ubuntu/workspace/microposts/vendor/laravel/framework/src/Illuminate/Foundation/Application.php:674
[08-May-2017 17:13:01 Asia/Tokyo] PHP  42. Illuminate\Container\Container->build() /home/ubuntu/workspace/microposts/vendor/laravel/framework/src/Illuminate/Container/Container.php:631
[08-May-2017 17:13:01 Asia/Tokyo] PHP  43. ReflectionClass->__construct() /home/ubuntu/workspace/microposts/vendor/laravel/framework/src/Illuminate/Container/Container.php:741
[08-May-2017 17:13:01 Asia/Tokyo] PHP  44. spl_autoload_call() /home/ubuntu/workspace/microposts/vendor/laravel/framework/src/Illuminate/Container/Container.php:741
[08-May-2017 17:13:01 Asia/Tokyo] PHP  45. Composer\Autoload\ClassLoader->loadClass() /home/ubuntu/workspace/microposts/vendor/laravel/framework/src/Illuminate/Container/Container.php:741
[08-May-2017 17:13:01 Asia/Tokyo] PHP  46. Composer\Autoload\includeFile() /home/ubuntu/workspace/microposts/vendor/composer/ClassLoader.php:322
